9997 1360
9997 1360
7543 7662
1801 8146
1801 8146
4362 4090
4773 494
3527 8146
0 8146
9304 5701
5268 7537
0 7537
3527 8146
0 8146
9304 5701
9304 1956
0 1956
4362 4090
2470 8107
2470 8107
3619 7203
4101 4445
0 4445
2420 6413
4778 3200
5705 7435
0 7435
5268 7537
0 7537
6215 6604
0 6604
2420 6413
5318 6264
8723 3200
4180 9238
0 9238
6640 8182
3619 7203
4101 4445
0 4445
9957 359
8349 1735
9100 1726
7543 7662
9319 2069
4520 8492
5063 4191
2353 6647
2353 9497
8408 3790
0 3790
5318 6264
8723 3200
4180 9238
0 9238
6640 8182
6640 6042
7723 5975
5188 845
7723 5975
5188 845
6594 3387
0 3387
5705 7435
0 7435
9385 1542
3753 4389
5624 2062
0 2062
1175 168
398 3100
0 3100
1929 485
0 485
1929 485
0 485
887 7184
2133 1648
0 1648
3083 7361
3124 2235
0 2235
887 7184
2133 1648
0 1648
2985 6141
1996 7046
1996 3870
0 3870
3938 2766
800 8121
8628 1735
330 1058
0 1058
9319 2069
4520 8492
8464 6175
6854 4427
0 4427
5063 4191
2353 6647
2353 9497
8408 3790
0 3790
5428 5371
0 5371
1175 168
398 3100
0 3100
826 4444
592 562
0 562
6854 4427
0 4427
5394 9265
0 9265
5251 2631
5394 9265
0 9265
1712 5269
0 5269
1749 2337
0 2337
5624 2062
0 2062
1744 2431
9097 8657
4030 3046
0 3046
985 5635
0 5635
104 5638
9741 5322
0 5322
9957 359
8349 1735
9100 1726
799 7092
3103 3094
0 3094
5912 2941
0 2941
4412 4149
9500 2111
0 2111
6558 9995
0 9995
3942 7694
5981 2475
0 2475
619 5336
0 5336
9094 6053
1946 5089
5852 7423
7581 7543
7904 5913
0 5913
6639 4328
0 4328
8865 4882
491 5646
0 5646
2745 1455
2754 6223
1381 7699
0 7699
2652 8256
1701 8
0 8
8311 3094
0 3094
2884 8566
3288 5997
0 5997
1712 5269
0 5269
1749 2337
0 2337
657 8566
0 8566
7604 8492
1247 5776
0 5776
9690 4447
6906 2999
0 2999
8721 9540
0 9540
8496 6073
0 6073
6873 7600
0 7600
8557 4414
0 4414
8865 4882
491 5646
0 5646
2745 1455
2754 6223
1381 7699
0 7699
2652 8256
1701 8
0 8
8311 3094
0 3094
2884 8566
3288 5997
0 5997
8542 8464
0 8464
8464 6175
8542 8464
0 8464
9027 7299
0 7299
9531 6829
0 6829
295 9784
0 9784
657 8566
0 8566
7604 8492
1247 5776
0 5776
9690 4447
771 3649
0 3649
584 4282
1660 9389
0 9389
6558 9995
0 9995
3942 7694
5981 2475
0 2475
619 5336
0 5336
9094 6053
1946 5089
5852 7423
7581 7543
7904 5913
0 5913
6639 4328
0 4328
295 9784
0 9784
7964 9843
5568 6794
0 6794
5568 5746
0 5746
5733 6726
0 6726
897 5706
7130 1388
0 1388
2158 7367
0 7367
2116 1726
9228 4461
0 4461
3776 9172
0 9172
4027 4762
0 4762
8505 9253
9753 8849
0 8849
393 8616
0 8616
9027 7299
0 7299
9531 6829
0 6829
613 2504
3598 5232
9634 4683
0 4683
3653 9613
0 9613
4778 3200
2864 4805
0 4805
2864 1251
0 1251
6873 7600
0 7600
4706 5515
0 5515
3953 1593
0 1593
635 1761
0 1761
2815 2892
0 2892
7630 4812
0 4812
4812 3200
7630 4812
0 4812
9259 5727
0 5727
5912 2941
0 2941
4412 4149
9500 2111
0 2111
3308 9885
0 9885
9375 6434
0 6434
6728 1092
6728 4070
0 4070
2806 6242
5676 4801
0 4801
4559 6221
0 6221
5733 6726
0 6726
897 5706
7130 1388
0 1388
2158 7367
0 7367
5911 4449
0 4449
7748 9426
2269 1884
0 1884
8360 1769
0 1769
4030 3046
0 3046
985 5635
0 5635
2923 7118
0 7118
292 21
292 801
0 801
471 7367
0 7367
1810 3888
0 3888
4242 8681
541 9234
0 9234
7927 6887
0 6887
8505 9253
9753 8849
0 8849
393 8616
0 8616
7614 6687
9228 4461
0 4461
3776 9172
0 9172
4027 4762
0 4762
1241 8111
0 8111
9358 4452
0 4452
8496 6073
0 6073
2876 8956
0 8956
8078 8061
0 8061
7845 8881
0 8881
6035 2243
0 2243
5361 8571
0 8571
6074 2508
1544 2309
0 2309
1544 8656
0 8656
9542 1403
9460 8398
0 8398
970 3559
0 3559
36 7354
0 7354
2101 5499
0 5499
5911 4449
0 4449
4876 6239
0 6239
8390 835
0 835
7805 8992
0 8992
1544 2309
0 2309
1544 8656
0 8656
9542 1403
9460 8398
0 8398
970 3559
0 3559
36 7354
0 7354
2101 5499
0 5499
249 5872
0 5872
4706 5515
0 5515
3953 1593
0 1593
635 1761
0 1761
2815 2892
0 2892
3259 6461
0 6461
5533 6726
0 6726
5533 9168
0 9168
6917 2754
0 2754
3039 7930
0 7930
3579 6264
0 6264
6991 1246
0 1246
7716 417
1885 7898
3271 2766
5011 5634
0 5634
1504 5693
9639 885
0 885
8390 835
0 835
7805 8992
0 8992
3201 1027
0 1027
9357 5746
0 5746
4908 2770
0 2770
9528 3429
9528 1770
0 1770
9071 6228
0 6228
8654 8960
0 8960
9016 407
0 407
9218 8516
0 8516
639 8398
0 8398
4704 5089
0 5089
9617 4715
0 4715
9617 6894
0 6894
9876 6941
0 6941
8078 8061
0 8061
7845 8881
0 8881
6035 2243
0 2243
6035 7638
0 7638
1653 8260
0 8260
1744 2431
3863 1380
8697 1149
0 1149
6502 5019
0 5019
3039 7930
0 7930
3579 6264
0 6264
6991 1246
0 1246
6502 5019
0 5019
847 7808
4440 7537
0 7537
1631 6513
7854 2709
0 2709
7927 6887
0 6887
7381 8543
0 8543
4579 4032
564 7659
9396 7325
0 7325
1733 859
3447 4161
0 4161
1660 9389
0 9389
6094 9397
0 9397
9954 9808
0 9808
1446 6638
0 6638
3259 6461
0 6461
5533 6726
0 6726
5533 9168
0 9168
6917 2754
0 2754
6788 3720
0 3720
3362 9678
0 9678
606 6223
0 6223
7199 5776
0 5776
1707 5938
0 5938
7459 254
0 254
7459 254
0 254
3236 1284
0 1284
6395 6726
0 6726
6395 1701
0 1701
9836 4042
0 4042
721 1107
0 1107
8669 8184
256 6001
0 6001
8360 1769
0 1769
1417 1884
0 1884
6386 323
0 323
6386 6898
0 6898
3323 5027
0 5027
7483 5776
0 5776
7902 2790
0 2790
5210 2336
0 2336
9639 885
0 885
8704 4662
0 4662
9958 1682
0 1682
848 6358
0 6358
1645 2628
0 2628
9071 6228
0 6228
8654 8960
0 8960
9016 407
0 407
9218 8516
0 8516
639 8398
0 8398
4704 5089
0 5089
9617 4715
0 4715
9617 6894
0 6894
9876 6941
0 6941
9876 9716
0 9716
6074 2508
7739 3160
0 3160
2923 7118
0 7118
292 21
292 801
0 801
471 7367
0 7367
1810 3888
0 3888
4242 8681
541 9234
0 9234
9554 26
0 26
7645 5472
0 5472
466 1129
0 1129
5431 9324
0 9324
2864 4805
0 4805
2864 1251
0 1251
3332 6234
0 6234
1638 3171
0 3171
508 1787
0 1787
1241 8111
0 8111
9358 4452
0 4452
4685 5629
0 5629
1004 4174
2025 8089
0 8089
2025 8089
0 8089
4580 3640
0 3640
8586 2050
2984 4806
0 4806
4323 9253
4751 4194
0 4194
2944 1749
0 1749
3867 9356
0 9356
9634 4683
0 4683
3653 9613
0 9613
8306 6468
0 6468
4190 1583
0 1583
9810 7118
0 7118
2409 4640
0 4640
952 356
5120 2792
0 2792
6664 5173
0 5173
7885 5817
0 5817
4876 6239
0 6239
2807 6221
2056 9884
0 9884
8444 6619
0 6619
1504 5693
6066 3867
0 3867
3867 9356
0 9356
6066 3867
0 3867
8446 655
8446 7964
0 7964
7964 9843
8446 655
8446 7964
0 7964
6424 3885
0 3885
6230 1676
0 1676
3073 3362
0 3362
3362 9678
0 9678
606 6223
0 6223
7199 5776
0 5776
1707 5938
0 5938
666 9582
0 9582
5714 1652
0 1652
6327 7084
0 7084
1486 253
0 253
9396 7325
0 7325
1733 859
3447 4161
0 4161
6381 2980
0 2980
5568 6794
0 6794
5568 5746
0 5746
5213 5053
5213 2854
0 2854
4559 6221
0 6221
645 1527
0 1527
826 4444
941 8764
0 8764
3636 7975
0 7975
5829 5729
0 5729
7241 9088
0 9088
6797 4428
0 4428
5412 6215
0 6215
6215 6604
0 6604
5412 6215
0 6215
5412 1246
0 1246
5412 1246
0 1246
1491 215
0 215
9741 5322
0 5322
6965 531
6965 4586
1491 215
0 215
3620 5331
0 5331
6797 4428
0 4428
6797 3933
3926 8800
0 8800
3926 7763
0 7763
5841 3102
0 3102
5841 3102
0 3102
6958 2766
0 2766
9829 6865
0 6865
9829 2557
0 2557
4045 2700
0 2700
2474 8889
0 8889
6790 4715
0 4715
117 6264
6653 4099
0 4099
5361 8571
0 8571
6956 8571
0 8571
6956 512
0 512
821 192
0 192
466 1129
0 1129
5431 9324
0 9324
9594 2384
0 2384
3628 2504
0 2504
7071 7209
0 7209
4225 6342
0 6342
2474 8889
0 8889
6790 4715
0 4715
117 6264
6653 4099
0 4099
9361 8295
0 8295
1154 2119
0 2119
3281 460
0 460
3281 63
0 63
9423 2742
0 2742
1645 2628
0 2628
9346 8190
0 8190
38 1742
0 1742
9423 2742
0 2742
3996 6753
0 6753
5728 8972
0 8972
5728 4293
0 4293
1352 7934
8721 9540
0 9540
3996 6753
0 6753
5728 8972
0 8972
5728 4293
0 4293
1352 7934
7934 4169
0 4169
6388 9325
0 9325
347 1063
0 1063
7236 2427
3325 8944
0 8944
7983 8323
0 8323
5786 533
0 533
272 7423
4754 7941
0 7941
4212 9830
3023 1664
0 1664
3023 131
0 131
3652 128
0 128
6267 9294
0 9294
5461 8291
0 8291
847 7808
4440 7537
0 7537
1631 6513
7854 2709
0 2709
3766 1018
3766 3990
1704 2675
0 2675
7512 8218
0 8218
7710 1787
0 1787
7428 3846
702 7199
0 7199
32 297
6034 9291
0 9291
4225 6342
0 6342
4103 9861
0 9861
3546 5226
0 5226
3546 5226
0 5226
8874 9499
0 9499
9492 5776
0 5776
3679 6141
0 6141
8979 4589
0 4589
1159 1465
0 1465
8776 5195
0 5195
9810 7118
0 7118
2409 4640
0 4640
952 356
5120 2792
0 2792
6664 5173
0 5173
7885 5817
0 5817
7007 1636
0 1636
8280 2431
0 2431
4068 7847
0 7847
2297 6316
0 6316
2297 1320
0 1320
4908 2770
0 2770
9528 3429
9528 1770
0 1770
2763 9773
0 9773
5210 2336
0 2336
8777 4136
0 4136
6855 3464
0 3464
4649 7886
0 7886
768 543
0 543
9361 8295
0 8295
8235 3793
8365 6101
1076 5269
0 5269
4659 1775
843 3640
0 3640
9710 4777
4733 5740
0 5740
4733 5740
0 5740
8411 3888
0 3888
2376 527
0 527
9252 8044
0 8044
2182 7212
0 7212
8776 5195
0 5195
3437 2949
0 2949
5473 5843
0 5843
853 1087
0 1087
4566 3409
0 3409
6100 4428
0 4428
5658 14
0 14
2299 5551
0 5551
4098 4447
5463 983
0 983
5463 8215
0 8215
6784 8295
0 8295
1908 810
0 810
8669 8184
256 6001
0 6001
9802 2499
9117 8133
0 8133
9117 158
0 158
9117 360
0 360
1159 1465
0 1465
9333 5076
0 5076
1704 2675
0 2675
7512 8218
0 8218
7710 1787
0 1787
7428 3846
702 7199
0 7199
32 297
6034 9291
0 9291
7965 5332
0 5332
4911 2509
0 2509
7241 9088
0 9088
2857 8785
4911 2509
0 2509
2847 3171
5809 2032
0 2032
2302 5160
0 5160
1908 810
0 810
6287 1079
0 1079
2302 5160
0 5160
8440 8557
0 8557
8557 4414
0 4414
2847 3171
5809 2032
0 2032
8440 8557
0 8557
1794 9499
0 9499
7297 8320
7297 8989
0 8989
4916 6552
0 6552
3296 857
0 857
8285 6429
0 6429
9560 2626
0 2626
7971 8256
3645 164
0 164
3645 164
0 164
8435 1455
0 1455
7971 5238
0 5238
758 9982
0 9982
1123 7741
0 7741
3768 3589
0 3589
8993 8075
0 8075
8993 8075
0 8075
8377 7395
0 7395
8179 2060
0 2060
7795 3528
0 3528
5125 8099
0 8099
7798 6349
0 6349
3073 3362
0 3362
4789 4811
7798 6349
0 6349
85 2991
0 2991
8164 4385
6123 8784
85 2991
0 2991
6521 4171
6780 6271
0 6271
2617 6658
0 6658
1023 6444
0 6444
6521 4171
6780 6271
0 6271
2617 6658
0 6658
1023 6444
0 6444
6456 9080
0 9080
2298 8837
0 8837
1863 184
0 184
7718 8335
1123 7741
0 7741
3768 3589
0 3589
3545 9240
0 9240
5400 8863
0 8863
4554 44
0 44
9781 1926
0 1926
6319 1233
0 1233
8031 8966
0 8966
2404 6157
0 6157
8874 9499
0 9499
9492 5776
0 5776
3679 6141
0 6141
8979 4589
0 4589
5451 1354
124 9532
0 9532
2404 6157
0 6157
2404 8776
0 8776
7383 6221
0 6221
6980 5393
783 5548
0 5548
8718 3390
0 3390
6188 6289
0 6289
3518 696
0 696
9183 4308
3729 9157
0 9157
7770 3608
0 3608
2516 3053
0 3053
6188 6289
0 6289
726 2480
0 2480
7224 7769
1695 6461
997 4882
8711 5322
0 5322
3084 6444
0 6444
1892 821
0 821
6956 8571
0 8571
6956 512
0 512
821 192
0 192
1892 821
0 821
1892 7525
0 7525
1892 7525
0 7525
6700 168
3411 1575
0 1575
768 543
0 543
768 9640
0 9640
6517 4328
0 4328
5333 185
0 185
6958 2766
0 2766
9829 6865
0 6865
9829 2557
0 2557
4045 2700
0 2700
8564 6914
0 6914
3418 2496
0 2496
5321 1255
778 5712
0 5712
483 4289
0 4289
5428 5371
0 5371
3637 9324
0 9324
8449 4082
4366 6448
0 6448
5669 9949
0 9949
9416 3397
0 3397
5875 6897
0 6897
9391 9613
0 9613
8239 3640
0 3640
4721 5909
0 5909
3370 1146
0 1146
1786 8378
0 8378
1786 8378
0 8378
2160 2480
0 2480
2160 6898
0 6898
1449 6914
0 6914
9598 6204
0 6204
9598 6204
0 6204
1500 735
0 735
9948 7694
5905 4178
4251 4307
0 4307
8017 3958
0 3958
8410 7537
0 7537
5974 3769
0 3769
5974 5746
0 5746
3683 2672
0 2672
9226 8849
0 8849
5584 3034
0 3034
6094 9397
0 9397
9954 9808
0 9808
1446 6638
0 6638
1006 8130
1564 5986
0 5986
8952 3814
0 3814
3694 6226
0 6226
2984 4806
0 4806
4323 9253
4751 4194
0 4194
2944 1749
0 1749
3804 845
0 845
8448 8187
0 8187
1448 2754
0 2754
4660 6271
0 6271
5037 7478
4069 7362
0 7362
8165 2091
0 2091
8165 2091
0 2091
9875 7675
0 7675
9375 6434
0 6434
6728 1092
6728 4070
0 4070
2806 6242
5676 4801
0 4801
5374 7458
0 7458
330 1058
0 1058
2649 7458
0 7458
3333 436
0 436
3333 436
0 436
1187 3409
0 3409
8725 8335
0 8335
5567 1636
0 1636
8823 5290
0 5290
5407 76
0 76
6556 7537
0 7537
4887 9503
0 9503
4887 9503
0 9503
9503 19
5941 8425
0 8425
1417 1884
0 1884
6386 323
0 323
6386 6898
0 6898
3323 5027
0 5027
7483 5776
0 5776
7902 2790
0 2790
5941 8425
0 8425
279 865
0 865
279 8107
4175 7602
0 7602
9727 9904
9908 5017
0 5017
6258 6782
0 6782
1885 7898
3271 2766
5011 5634
0 5634
3566 9153
6645 6746
0 6746
4916 6552
0 6552
3296 857
0 857
3169 4762
2621 8765
0 8765
6645 6746
0 6746
6645 3884
0 3884
6645 3884
0 3884
4031 6229
791 9291
0 9291
1936 1527
0 1527
430 4967
0 4967
9023 8460
0 8460
3002 4981
0 4981
2213 6468
0 6468
9623 7741
0 7741
4779 4683
0 4683
6793 7084
8116 5196
0 5196
2958 3814
0 3814
1225 8138
6508 4812
6508 5128
2167 7534
0 7534
7774 9574
0 9574
8591 737
0 737
9333 5076
0 5076
3402 7356
0 7356
7748 9426
2269 1884
0 1884
3402 7356
0 7356
523 2869
0 2869
3402 5240
0 5240
523 2869
0 2869
3402 5240
0 5240
8270 4984
0 4984
1616 1568
0 1568
3368 9676
8270 4984
0 4984
1616 1568
0 1568
3368 9676
2715 2878
0 2878
2715 8898
0 8898
4087 6143
0 6143
3412 2538
0 2538
2715 2878
0 2878
2715 8898
0 8898
4087 6143
0 6143
3412 2538
0 2538
8591 737
0 737
737 56
0 56
6681 3780
6681 8492
2613 9636
0 9636
9117 8133
0 8133
9117 158
0 158
9117 360
0 360
6317 8804
0 8804
3081 8053
0 8053
5156 7277
0 7277
2613 9636
0 9636
6254 4662
0 4662
7140 4365
0 4365
7117 2897
0 2897
7117 2897
0 2897
6567 7890
0 7890
5316 2337
3150 5108
0 5108
272 7423
4754 7941
0 7941
4212 9830
3023 1664
0 1664
3023 131
0 131
3652 128
0 128
3150 5108
0 5108
3036 8506
0 8506
783 5548
0 5548
8718 3390
0 3390
997 4882
8711 5322
0 5322
3084 6444
0 6444
6700 168
3411 1575
0 1575
1845 6226
0 6226
851 764
0 764
851 3958
0 3958
5425 3190
0 3190
9615 1092
0 1092
1298 9368
0 9368
3155 9354
107 5729
0 5729
4471 5729
0 5729
8004 9833
50 323
0 323
773 696
0 696
773 168
949 5724
0 5724
197 7490
0 7490
2443 7524
163 8146
8660 5672
4148 8337
0 8337
4945 3215
0 3215
8506 1636
0 1636
8506 7750
3036 8506
0 8506
7374 5745
2313 6897
0 6897
1662 461
0 461
1662 8674
6840 8015
0 8015
2697 8992
0 8992
5366 2902
0 2902
3598 5232
2697 8992
0 8992
5366 2902
0 2902
8825 8184
9420 6152
0 6152
9420 3865
0 3865
8098 4425
9296 7820
0 7820
9935 5096
0 5096
9935 5096
0 5096
6446 3303
0 3303
1500 735
0 735
9948 7694
5905 4178
4251 4307
0 4307
8017 3958
0 3958
8410 7537
0 7537
5974 3769
0 3769
5974 5746
0 5746
3683 2672
0 2672
9226 8849
0 8849
5584 3034
0 3034
9220 8075
0 8075
1989 3748
2921 4744
0 4744
2921 7354
0 7354
2921 3555
0 3555
7809 7889
0 7889
3766 1018
3766 3990
5480 6256
0 6256
226 3177
3753 4389
918 4793
2472 8922
0 8922
2472 8032
0 8032
7108 2336
0 2336
6999 1092
0 1092
1976 4338
0 4338
1976 4130
0 4130
8377 7395
0 7395
8179 2060
0 2060
7795 3528
0 3528
5125 8099
0 8099
5099 7118
0 7118
5125 5082
0 5082
4631 753
4631 6794
0 6794
9695 9924
0 9924
2817 7329
0 7329
9189 7478
911 7495
0 7495
440 7184
0 7184
4525 9291
0 9291
3162 6942
0 6942
470 1541
0 1541
5403 7497
4525 9291
0 9291
3162 6942
0 6942
470 1541
0 1541
8244 1877
2231 6139
0 6139
7012 2950
0 2950
9149 5973
0 5973
5321 1255
778 5712
0 5712
483 4289
0 4289
6243 8427
0 8427
3069 1128
7585 4762
0 4762
8167 4815
0 4815
2921 4744
0 4744
2921 7354
0 7354
2921 3555
0 3555
7809 7889
0 7889
7809 5331
0 5331
8167 4815
0 4815
9628 1526
0 1526
5123 2053
0 2053
5123 2862
0 2862
2088 2854
0 2854
5758 3094
0 3094
3571 4715
0 4715
5083 3098
2641 1202
5630 84
9149 5973
0 5973
7612 8146
0 8146
9651 5329
1976 4338
0 4338
1976 4130
0 4130
3108 2162
0 2162
3108 2162
0 2162
6644 4367
0 4367
1326 3759
0 3759
8306 6468
0 6468
5916 1089
0 1089
6644 4367
0 4367
1326 3759
0 3759
1326 4259
0 4259
1326 4259
0 4259
4702 2110
0 2110
1006 8130
1564 5986
0 5986
8952 3814
0 3814
3694 6226
0 6226
5139 9128
0 9128
5020 4191
5020 7015
4702 2110
0 2110
9174 6989
0 6989
7681 7578
0 7578
2926 4981
0 4981
7246 1884
0 1884
9195 3113
0 3113
3620 5331
0 5331
2943 7668
0 7668
2943 7668
0 7668
3534 7540
0 7540
3534 7540
0 7540
1234 5852
0 5852
459 751
3006 822
4073 5056
0 5056
9195 3113
0 3113
8962 8155
0 8155
1475 323
0 323
8962 8155
0 8155
1475 323
0 323
6469 7911
0 7911
5605 4026
0 4026
7346 605
7346 3152
0 3152
5605 4026
0 4026
226 3177
6493 4315
7303 177
0 177
9163 8571
0 8571
9163 4451
0 4451
7983 8323
0 8323
5786 533
0 533
3244 4283
3244 4283
3315 8717
0 8717
2347 4409
0 4409
337 1606
1551 4976
0 4976
9357 5746
0 5746
1551 4976
0 4976
4850 6143
0 6143
7972 976
0 976
9471 6952
0 6952
7243 7406
0 7406
7243 6036
0 6036
7313 755
0 755
7431 1206
0 1206
4235 1341
0 1341
4978 1472
4235 1341
0 1341
631 7732
0 7732
8986 296
0 296
2669 7603
0 7603
8466 7395
0 7395
3767 5051
0 5051
9252 8044
0 8044
2182 7212
0 7212
7697 7725
4794 6948
0 6948
3063 9481
0 9481
3964 2107
0 2107
1016 448
0 448
7071 7209
0 7209
1016 448
0 448
448 1410
0 1410
5263 9483
0 9483
4712 6444
0 6444
9388 8287
0 8287
4768 8295
0 8295
4071 3555
0 3555
9972 8800
8853 5084
0 5084
2118 5889
0 5889
262 9159
0 9159
122 3078
0 3078
5375 9414
0 9414
7054 3382
0 3382
5461 8291
0 8291
7054 3382
0 3382
8226 3059
0 3059
8226 3059
0 3059
7278 7084
0 7084
2197 6130
2197 6130
4029 9559
2059 8761
0 8761
5037 7478
4069 7362
0 7362
2059 8761
0 8761
6992 8574
0 8574
6992 8574
0 8574
561 2555
0 2555
6901 8966
0 8966
7394 7877
0 7877
6699 875
0 875
2313 6897
0 6897
1662 461
0 461
1662 8674
6699 875
0 875
6699 7354
0 7354
875 297
6699 7354
0 7354
5488 3990
0 3990
6847 3304
0 3304
3063 9481
0 9481
3964 2107
0 2107
5263 9483
0 9483
4712 6444
0 6444
9388 8287
0 8287
4768 8295
0 8295
4071 3555
0 3555
9972 8800
8853 5084
0 5084
5090 3969
8612 1593
8828 7890
0 7890
8859 835
0 835
7057 2451
0 2451
2667 1116
0 1116
7949 2493
0 2493
2667 1116
0 1116
2667 7454
0 7454
9259 5727
0 5727
9259 5991
0 5991
7177 3094
0 3094
4473 7503
0 7503
3220 6208
0 6208
8031 8966
0 8966
5449 5746
0 5746
2567 6429
0 6429
1181 9325
0 9325
8732 6200
0 6200
7802 39
0 39
9865 9942
0 9942
5815 3596
0 3596
8732 6200
0 6200
1724 2362
0 2362
1724 2362
0 2362
7260 5991
0 5991
2606 6271
0 6271
2606 7247
0 7247
7125 8131
0 8131
6517 4328
0 4328
5333 185
0 185
7928 1360
0 1360
9090 3640
0 3640
1904 798
0 798
1904 5331
0 5331
2606 6271
0 6271
2606 7247
0 7247
7125 8131
0 8131
9129 72
0 72
9129 72
0 72
4592 3559
0 3559
5644 5590
0 5590
4592 3559
0 3559
2362 4020
0 4020
8202 8944
7260 5991
0 5991
29 8657
0 8657
29 5135
0 5135
6008 2536
0 2536
6008 1591
8961 3851
0 3851
1694 461
0 461
1323 6587
0 6587
326 9853
326 804
0 804
2297 6316
0 6316
2297 1320
0 1320
2000 9942
0 9942
6688 5900
376 1467
6411 1092
0 1092
326 9853
326 804
0 804
804 3398
0 3398
3220 6208
0 6208
3220 6210
0 6210
3220 6210
0 6210
2976 8566
0 8566
2141 3375
0 3375
8986 296
0 296
2669 7603
0 7603
8466 7395
0 7395
3767 5051
0 5051
4831 4082
8466 959
0 959
3809 3132
0 3132
3556 9986
0 9986
6132 8044
0 8044
6132 6221
0 6221
2141 3375
0 3375
2974 4715
0 4715
7988 9924
0 9924
212 5706
0 5706
4930 3881
0 3881
1318 8623
0 8623
9476 8187
0 8187
2779 8800
0 8800
2485 9733
0 9733
6049 229
0 229
9373 7597
0 7597
9561 5467
0 5467
88 7763
0 7763
4421 9730
0 9730
4421 4919
9373 7597
0 7597
9561 5467
0 5467
88 7763
0 7763
4421 9730
0 9730
4421 4919
1978 3409
0 3409
736 7163
0 7163
4959 8347
0 8347
1978 3409
0 3409
736 7163
0 7163
4959 8347
0 8347
8942 4274
8942 9773
0 9773
3465 5872
3465 7503
0 7503
9849 1063
0 1063
1703 2989
0 2989
4720 3882
0 3882
4720 3882
0 3882
5302 7000
7308 5798
0 5798
3151 1559
0 1559
1154 2119
0 2119
1154 8380
0 8380
7910 461
0 461
3478 7600
3151 1559
0 1559
3022 7474
0 7474
24 5837
0 5837
2818 7997
0 7997
8847 4672
0 4672
987 5486
0 5486
8676 8779
0 8779
4404 8922
0 8922
8602 1735
8826 3320
0 3320
9232 1743
6214 5657
0 5657
1450 4036
0 4036
24 5837
0 5837
5951 2035
0 2035
6388 9325
0 9325
347 1063
0 1063
9392 4365
3189 4144
0 4144
3189 4144
0 4144
3189 6973
0 6973
3968 2190
0 2190
3189 6973
0 6973
8038 2124
0 2124
1187 3409
0 3409
8725 8335
0 8335
5567 1636
0 1636
8823 5290
0 5290
5407 76
0 76
8416 9172
8416 9539
0 9539
3785 3147
0 3147
3785 3147
0 3147
6773 9643
0 9643
6773 9643
0 9643
3669 4328
0 4328
75 8213
0 8213
75 1236
0 1236
7408 8762
1414 2975
0 2975
1414 2975
0 2975
4522 4465
0 4465
8144 5486
0 5486
8038 2124
0 2124
8092 8331
0 8331
1055 9773
0 9773
1055 6821
0 6821
1055 9773
0 9773
1055 6821
0 6821
4488 5205
0 5205
6382 6058
0 6058
406 7662
0 7662
6499 3080
0 3080
3022 7474
0 7474
5154 2342
2915 5843
0 5843
5154 1173
6499 3080
0 3080
5951 2035
0 2035
5154 2342
2915 5843
0 5843
5154 1173
1752 2892
0 2892
6996 9917
0 9917
6996 9917
0 9917
6996 7281
0 7281
6996 7281
0 7281
1752 1568
0 1568
4350 2327
0 2327
2807 6221
2056 9884
0 9884
8444 6619
0 6619
302 4259
0 4259
2592 9012
0 9012
9875 7675
0 7675
9211 6342
0 6342
2592 9012
0 9012
5312 2062
0 2062
2350 1783
0 1783
9109 3745
0 3745
1752 2892
0 2892
1752 1568
0 1568
4350 2327
0 2327
2327 2050
7042 8241
0 8241
3882 8155
0 8155
1703 6029
0 6029
8157 2203
0 2203
4680 1320
0 1320
4788 6636
0 6636
4788 7603
0 7603
2667 7454
0 7454
5306 4683
0 4683
4462 4328
0 4328
5352 3970
9755 4918
0 4918
1777 7828
0 7828
9067 9366
0 9366
964 6473
573 1648
0 1648
2983 4455
0 4455
2983 4455
0 4455
7672 3850
0 3850
964 49
1011 6143
0 6143
5260 5336
0 5336
1950 9121
0 9121
5260 8394
0 8394
9755 4918
0 4918
4490 6407
0 6407
7433 9613
6541 592
0 592
592 562
0 562
6541 592
0 592
7433 8681
9518 548
0 548
7215 7659
9576 5838
3426 4427
0 4427
540 3136
0 3136
589 9013
540 3136
0 3136
8957 1409
0 1409
7797 5220
0 5220
8957 1409
0 1409
7797 5220
0 5220
7149 1018
7149 6538
0 6538
2805 4505
0 4505
6849 9656
0 9656
8223 2267
0 2267
5190 2869
0 2869
5190 5140
0 5140
94 8095
0 8095
1120 2949
0 2949
5382 462
0 462
4490 6407
0 6407
7433 9613
7433 8681
9518 548
0 548
7215 7659
9576 5838
3426 4427
0 4427
7149 1018
7149 6538
0 6538
2805 4505
0 4505
6849 9656
0 9656
8223 2267
0 2267
5190 2869
0 2869
5190 5140
0 5140
94 8095
0 8095
1120 2949
0 2949
5382 462
0 462
235 6001
0 6001
235 346
0 346
5352 3970
797 7808
3537 37
0 37
8678 5776
0 5776
5488 3990
0 3990
6847 3304
0 3304
6480 7757
0 7757
6480 7757
0 7757
4500 5737
0 5737
4500 681
0 681
2800 6701
0 6701
5357 9088
0 9088
5090 3969
8612 1593
8828 7890
0 7890
8859 835
0 835
7057 2451
0 2451
5306 4683
0 4683
4462 4328
0 4328
797 7808
3537 37
0 37
8678 5776
0 5776
4831 4082
8466 959
0 959
3809 3132
0 3132
3556 9986
0 9986
6132 8044
0 8044
6132 6221
0 6221
8722 5404
0 5404
1155 7732
0 7732
3950 127
0 127
9762 1676
0 1676
3523 928
4850 6143
0 6143
7972 976
0 976
9471 6952
0 6952
7243 7406
0 7406
7243 6036
0 6036
7313 755
0 755
7431 1206
0 1206
4272 6407
0 6407
3523 928
9693 1825
0 1825
627 2480
0 2480
6270 2999
0 2999
709 8927
0 8927
8232 569
0 569
4235 3881
0 3881
7563 9876
0 9876
1341 8320
0 8320
631 7732
0 7732
8722 5404
0 5404
1155 7732
0 7732
3950 127
0 127
9762 1676
0 1676
9693 1825
0 1825
627 2480
0 2480
6270 2999
0 2999
709 8927
0 8927
8232 569
0 569
4235 3881
0 3881
2362 4020
0 4020
8202 8944
4272 6407
0 6407
4561 1636
0 1636
3524 5329
0 5329
4550 5004
0 5004
6357 1505
0 1505
5271 2568
0 2568
6554 5269
0 5269
7440 4165
0 4165
7440 9451
0 9451
2118 5889
0 5889
3315 8717
0 8717
2347 4409
0 4409
337 1606
4561 1636
0 1636
3524 5329
0 5329
4550 5004
0 5004
6357 1505
0 1505
5271 2568
0 2568
6554 5269
0 5269
7440 4165
0 4165
7440 9451
0 9451
3127 6157
0 6157
1833 668
0 668
9163 8571
0 8571
9163 4451
0 4451
8676 8779
0 8779
7809 5331
0 5331
4732 9326
0 9326
644 1924
7067 3790
0 3790
982 8651
0 8651
6446 3303
0 3303
78 8543
0 8543
9348 1905
0 1905
872 2247
3372 5007
8209 4191
1643 3902
0 3902
8807 8754
5462 6461
8585 8837
0 8837
5320 5515
0 5515
1746 3791
0 3791
3891 4665
792 3888
0 3888
1927 4399
1927 9802
0 9802
9802 2499
6300 9484
0 9484
142 9445
0 9445
1569 7518
0 7518
5550 6360
0 6360
2346 4683
0 4683
9447 81
0 81
9480 9843
0 9843
6180 7102
0 7102
2722 3287
0 3287
5608 1255
867 6479
0 6479
5692 4032
6371 4465
0 4465
115 3100
0 3100
2005 1134
0 1134
996 8996
0 8996
1796 5404
0 5404
7304 2493
0 2493
996 8996
0 8996
8996 6367
8728 1000
0 1000
3595 9856
0 9856
5765 6865
0 6865
2261 6042
1145 809
0 809
3043 4491
0 4491
6589 2097
0 2097
1927 4399
1927 9802
0 9802
7823 8091
9051 885
0 885
9051 9080
0 9080
9595 9186
9571 9327
0 9327
5289 865
0 865
3403 7991
0 7991
7089 7423
7369 7917
0 7917
8825 8184
9420 6152
0 6152
9420 3865
0 3865
8098 4425
9296 7820
0 7820
78 8543
0 8543
9348 1905
0 1905
872 2247
3372 5007
8209 4191
1643 3902
0 3902
8807 8754
5462 6461
8585 8837
0 8837
5320 5515
0 5515
1746 3791
0 3791
3891 4665
792 3888
0 3888
7823 8091
9051 885
0 885
9051 9080
0 9080
9595 9186
9571 9327
0 9327
5289 865
0 865
3403 7991
0 7991
7089 7423
7369 7917
0 7917
5123 2053
0 2053
5123 2862
0 2862
336 7757
0 7757
875 297
886 1376
0 1376
1933 3872
0 3872
174 1173
174 5790
5046 266
0 266
9015 1277
6258 6782
0 6782
9908 5017
0 5017
3578 7293
0 7293
2880 5339
0 5339
641 7699
0 7699
3578 7293
0 7293
3578 4275
7293 84
3578 4275
1222 9299
0 9299
6348 5571
9216 520
0 520
3811 8345
0 8345
9072 6172
7330 1742
9735 5737
0 5737
576 4286
2036 7886
0 7886
5675 801
0 801
9868 7662
6868 605
4154 9473
0 9473
9722 655
0 655
9722 742
0 742
9722 8863
0 8863
4154 9473
0 9473
3469 1238
0 1238
3010 3723
3480 6865
0 6865
5988 5838
3255 9145
0 9145
3469 1238
0 1238
3010 3723
3480 6865
0 6865
5988 5838
3255 9145
0 9145
7677 6763
0 6763
6868 902
0 902
5225 7997
0 7997
8872 5657
0 5657
1222 9299
0 9299
6348 5571
9216 520
0 520
3811 8345
0 8345
9072 6172
7330 1742
9735 5737
0 5737
576 4286
2036 7886
0 7886
5675 801
0 801
9868 7662
6868 605
7677 6763
0 6763
6868 902
0 902
5225 7997
0 7997
8872 5657
0 5657
2045 4310
0 4310
279 865
0 865
279 8107
4175 7602
0 7602
9727 9904
2045 4310
0 4310
4944 7750
6621 6582
0 6582
5021 4266
0 4266
5021 9231
0 9231
706 7554
6761 8023
0 8023
1412 6829
0 6829
1412 6276
1308 7084
0 7084
3428 9878
5266 9885
0 9885
6837 5562
0 5562
2140 1968
0 1968
2140 1968
0 1968
6591 8994
0 8994
2467 8850
0 8850
7716 417
2467 8850
0 8850
6227 2954
0 2954
6556 7537
0 7537
4944 7750
6621 6582
0 6582
5021 4266
0 4266
5021 9231
0 9231
706 7554
6761 8023
0 8023
1412 6829
0 6829
1412 6276
1308 7084
0 7084
3428 9878
5266 9885
0 9885
6837 5562
0 5562
6591 8994
0 8994
8416 9172
8416 9539
0 9539
3669 4328
0 4328
75 8213
0 8213
75 1236
0 1236
7408 8762
4522 4465
0 4465
8144 5486
0 5486
3333 3303
0 3303
3333 3303
0 3303
8766 8023
0 8023
8766 3858
0 3858
9337 5634
0 5634
7480 5898
9211 6342
0 6342
1145 809
0 809
7783 4042
0 4042
8354 5195
0 5195
8354 9707
0 9707
1904 798
0 798
1904 5331
0 5331
2728 3878
8538 7436
0 7436
4405 5776
0 5776
4405 1743
3209 6224
0 6224
1845 6226
0 6226
5139 9128
0 9128
5020 4191
5020 7015
8348 1410
0 1410
9547 8044
0 8044
3261 4526
2132 7457
960 2933
0 2933
9220 8075
0 8075
1989 3748
4732 9326
0 9326
644 1924
7067 3790
0 3790
982 8651
0 8651
9832 8989
0 8989
2090 1026
0 1026
6243 8427
0 8427
3069 1128
7585 4762
0 4762
9628 1526
0 1526
2088 2854
0 2854
5758 3094
0 3094
3571 4715
0 4715
5083 3098
2641 1202
5630 84
7612 8146
0 8146
9651 5329
532 1519
0 1519
688 5128
0 5128
3081 8053
0 8053
8053 8337
0 8337
1160 8291
0 8291
9257 2212
0 2212
1600 5972
0 5972
7297 8320
7297 8989
0 8989
1600 5972
0 5972
8372 6048
0 6048
2301 8862
0 8862
6486 2363
0 2363
851 764
0 764
851 3958
0 3958
5425 3190
0 3190
9615 1092
0 1092
1298 9368
0 9368
3155 9354
107 5729
0 5729
4471 5729
0 5729
8004 9833
8050 6748
3408 3061
0 3061
2743 9159
0 9159
9339 5872
0 5872
3135 9339
0 9339
9339 5776
0 5776
7928 1360
0 1360
9090 3640
0 3640
9687 6952
0 6952
7269 2422
0 2422
9848 7898
0 7898
9848 6763
0 6763
2760 2992
0 2992
2574 1796
0 1796
50 323
0 323
773 696
0 696
773 168
949 5724
0 5724
197 7490
0 7490
2443 7524
163 8146
8660 5672
4148 8337
0 8337
4945 3215
0 3215
8506 1636
0 1636
8506 7750
7374 5745
4932 124
0 124
124 7329
0 7329
2005 1134
0 1134
4084 7886
0 7886
3127 6157
0 6157
6157 5113
0 5113
6157 1521
0 1521
6395 6726
0 6726
6395 1701
0 1701
9836 4042
0 4042
9014 360
0 360
2551 8818
0 8818
8912 1921
0 1921
7678 3371
0 3371
2664 1519
0 1519
5122 1749
0 1749
6692 1979
0 1979
1521 978
0 978
2404 8776
0 8776
7383 6221
0 6221
6980 5393
4932 124
0 124
5449 5746
0 5746
2567 6429
0 6429
1181 9325
0 9325
6008 2536
0 2536
6008 1591
8961 3851
0 3851
1694 461
0 461
1323 6587
0 6587
4563 9450
7161 6894
0 6894
4313 1877
6009 9943
0 9943
7025 2496
0 2496
8940 1925
5487 56
2206 3078
0 3078
9386 8525
0 8525
6009 9943
0 9943
7025 2496
0 2496
8940 1925
9353 8923
0 8923
1056 7637
0 7637
2823 6638
0 6638
1659 6858
4353 2843
0 2843
2009 6711
0 6711
2009 6046
9828 6659
0 6659
757 229
0 229
757 352
0 352
6816 5917
6816 2631
7956 5259
7956 1652
1258 822
0 822
2873 6010
0 6010
4949 5389
0 5389
6381 2980
0 2980
4949 5389
0 5389
5192 3846
9355 8804
0 8804
5824 3703
0 3703
5824 3703
0 3703
8974 3847
0 3847
4197 7600
6319 1233
0 1233
334 7760
0 7760
3074 543
0 543
5873 6951
0 6951
3729 9157
0 9157
4672 5815
0 5815
2818 7997
0 7997
8847 4672
0 4672
1863 184
0 184
7718 8335
6456 9080
0 9080
2298 8837
0 8837
5099 7118
0 7118
5125 5082
0 5082
9695 9924
0 9924
2817 7329
0 7329
9189 7478
911 7495
0 7495
440 7184
0 7184
8244 1877
2231 6139
0 6139
7012 2950
0 2950
1777 7828
0 7828
9067 9366
0 9366
964 6473
573 1648
0 1648
7672 3850
0 3850
964 49
1011 6143
0 6143
5260 5336
0 5336
1950 9121
0 9121
5260 8394
0 8394
8635 6284
3545 9240
0 9240
5400 8863
0 8863
4554 44
0 44
9781 1926
0 1926
5873 6951
0 6951
4672 5815
0 5815
3135 9339
0 9339
5822 1365
0 1365
4068 7847
0 7847
7027 4697
7027 2720
0 2720
9593 6585
0 6585
2972 8305
2972 8762
3188 1376
0 1376
3188 8474
0 8474
1533 8849
0 8849
2173 1009
0 1009
4697 2386
0 2386
7027 4697
7027 2720
0 2720
3567 6636
0 6636
3567 4648
2386 9430
0 9430
2386 9154
0 9154
563 9884
0 9884
4795 5693
0 5693
9999 8784
9412 9042
0 9042
9412 6887
0 6887
8627 2568
0 2568
7508 1079
0 1079
9654 4491
0 4491
8627 4604
0 4604
3169 4762
2621 8765
0 8765
878 1485
1794 9499
0 9499
878 1485
878 3461
878 3461
3518 696
0 696
9183 4308
7770 3608
0 3608
2516 3053
0 3053
726 2480
0 2480
7224 7769
1695 6461
6333 6074
0 6074
7574 3049
0 3049
249 5872
0 5872
6333 6074
0 6074
7574 3049
0 3049
5244 6098
0 6098
342 5515
0 5515
1056 7637
0 7637
873 4006
0 4006
2729 6449
0 6449
6291 5571
7126 9519
4120 8525
0 8525
2935 353
0 353
2935 8036
1091 6391
7710 292
0 292
4485 7086
9865 9942
0 9942
2000 9942
0 9942
5223 9538
0 9538
5223 9538
0 9538
737 56
0 56
7965 5332
0 5332
7802 39
0 39
8724 5625
0 5625
6631 6368
0 6368
7490 3802
0 3802
2760 2992
0 2992
1402 1246
0 1246
9014 360
0 360
6317 8804
0 8804
5156 7277
0 7277
4978 1472
7563 9876
0 9876
1341 8320
0 8320
6300 9484
0 9484
142 9445
0 9445
1569 7518
0 7518
5550 6360
0 6360
2346 4683
0 4683
9447 81
0 81
9480 9843
0 9843
6180 7102
0 7102
2722 3287
0 3287
5608 1255
867 6479
0 6479
5692 4032
6371 4465
0 4465
115 3100
0 3100
8728 1000
0 1000
3595 9856
0 9856
5765 6865
0 6865
2261 6042
3043 4491
0 4491
6589 2097
0 2097
6287 1079
0 1079
1979 206
0 206
6692 1979
0 1979
7731 3675
0 3675
3032 5651
5800 9241
9091 512
0 512
9906 1568
0 1568
6840 8015
0 8015
7697 7725
4794 6948
0 6948
235 6001
0 6001
235 346
0 346
6909 2854
0 2854
3781 9884
0 9884
7487 395
0 395
4580 3640
0 3640
8586 2050
7487 395
0 395
9386 8525
0 8525
6128 3558
0 3558
3444 8623
0 8623
9109 3745
0 3745
4017 7608
947 1690
334 7760
0 7760
3074 543
0 543
768 9640
0 9640
9687 6952
0 6952
7269 2422
0 2422
9848 7898
0 7898
9848 6763
0 6763
2574 1796
0 1796
4649 7886
0 7886
4084 7886
0 7886
5591 7989
0 7989
8924 1206
0 1206
9944 3830
3497 8977
0 8977
3497 8977
0 8977
8977 2499
1136 1360
4819 2734
0 2734
4095 6221
0 6221
8777 4581
0 4581
8777 2111
0 2111
99 2033
0 2033
2763 9773
0 9773
269 8754
0 8754
269 1206
0 1206
269 8516
0 8516
269 5218
0 5218
8942 4274
8942 9773
0 9773
269 8754
0 8754
269 1206
0 1206
269 8516
0 8516
269 5218
0 5218
2502 5895
0 5895
9654 4491
0 4491
2886 4513
0 4513
9927 8290
0 8290
7451 1018
2886 4513
0 4513
2886 2461
4513 3427
0 3427
2886 2461
6021 1937
0 1937
1320 7699
0 7699
7177 3094
0 3094
4473 7503
0 7503
2976 8566
0 8566
2974 4715
0 4715
7988 9924
0 9924
212 5706
0 5706
4930 3881
0 3881
1318 8623
0 8623
9476 8187
0 8187
2779 8800
0 8800
2485 9733
0 9733
6049 229
0 229
3465 5872
3465 7503
0 7503
9849 1063
0 1063
1703 2989
0 2989
1703 6029
0 6029
8157 2203
0 2203
4680 1320
0 1320
6688 5900
376 1467
6411 1092
0 1092
804 3398
0 3398
9593 6585
0 6585
2972 8305
2972 8762
3188 1376
0 1376
3188 8474
0 8474
1533 8849
0 8849
2173 1009
0 1009
4697 2386
0 2386
3567 6636
0 6636
3567 4648
3658 4070
0 4070
8829 4634
0 4634
2747 4185
0 4185
1351 9345
2502 5895
0 5895
1975 9484
0 9484
1886 5171
0 5171
2293 352
0 352
7494 7478
6631 6368
0 6368
3736 7565
0 7565
8354 5195
0 5195
8354 9707
0 9707
3437 2949
0 2949
5473 5843
0 5843
853 1087
0 1087
4566 3409
0 3409
6100 4428
0 4428
5658 14
0 14
2299 5551
0 5551
4098 4447
5463 983
0 983
5463 8215
0 8215
6784 8295
0 8295
1979 206
0 206
7731 3675
0 3675
3032 5651
5800 9241
9091 512
0 512
9906 1568
0 1568
8724 5625
0 5625
7490 3802
0 3802
1402 1246
0 1246
5451 1354
124 9532
0 9532
124 7329
0 7329
6157 5113
0 5113
6157 1521
0 1521
9720 4526
791 9291
0 9291
342 5515
0 5515
873 4006
0 4006
2729 6449
0 6449
6291 5571
7126 9519
4120 8525
0 8525
2935 353
0 353
2935 8036
1091 6391
7710 292
0 292
4485 7086
5480 6256
0 6256
6493 4315
7303 177
0 177
2538 569
0 569
5554 3458
0 3458
2566 9574
0 9574
909 4746
0 4746
909 4746
0 4746
5683 3077
0 3077
9689 6734
0 6734
9689 3865
0 3865
7669 5740
0 5740
7669 1109
0 1109
381 1014
2633 1366
6672 4762
1160 8291
0 8291
9257 2212
0 2212
5821 7457
1833 668
0 668
9923 1789
3209 6224
0 6224
4062 6767
0 6767
6168 4635
0 4635
5788 3584
1234 5852
0 5852
459 751
2365 6897
0 6897
9004 7597
0 7597
9392 4365
8092 8331
0 8331
4488 5205
0 5205
6382 6058
0 6058
406 7662
0 7662
4813 2032
0 2032
7587 6342
0 6342
8726 2699
0 2699
1154 8380
0 8380
7910 461
0 461
3478 7600
8235 3793
8365 6101
1076 5269
0 5269
4659 1775
843 3640
0 3640
9710 4777
2376 527
0 527
6909 2854
0 2854
3781 9884
0 9884
6128 3558
0 3558
3444 8623
0 8623
4017 7608
947 1690
4602 6525
4602 1125
0 1125
4602 254
0 254
7180 6819
0 6819
7654 9957
0 9957
7654 8355
0 8355
5246 2939
0 2939
6790 517
0 517
6790 2949
0 2949
6238 732
0 732
6298 396
0 396
6298 396
0 396
2293 352
0 352
7494 7478
9353 8923
0 8923
2823 6638
0 6638
1659 6858
4353 2843
0 2843
2009 6711
0 6711
2009 6046
9828 6659
0 6659
757 229
0 229
757 352
0 352
3168 9614
0 9614
4538 4613
0 4613
7587 6342
0 6342
4103 9861
0 9861
9720 4526
448 1410
0 1410
1850 6175
0 6175
5404 8023
0 8023
8380 2339
4529 9484
0 9484
4398 5135
7661 7603
3662 6396
5482 4091
0 4091
5213 5053
5213 2854
0 2854
5482 4091
0 4091
4091 4650
1700 182
0 182
2551 8818
0 8818
8912 1921
0 1921
6039 183
0 183
9346 8190
0 8190
4096 1761
0 1761
4602 6525
4602 1125
0 1125
4602 254
0 254
7180 6819
0 6819
7654 9957
0 9957
7654 8355
0 8355
5246 2939
0 2939
6790 517
0 517
6790 2949
0 2949
6238 732
0 732
3168 9614
0 9614
4538 4613
0 4613
1796 5404
0 5404
7304 2493
0 2493
8996 6367
8895 2429
0 2429
3328 9976
1238 1941
0 1941
8564 6914
0 6914
3418 2496
0 2496
532 1519
0 1519
688 5128
0 5128
8053 8337
0 8337
8372 6048
0 6048
2301 8862
0 8862
6486 2363
0 2363
8050 6748
3408 3061
0 3061
2743 9159
0 9159
9339 5872
0 5872
9339 5776
0 5776
2880 5339
0 5339
641 7699
0 7699
7293 84
9722 655
0 655
9722 742
0 742
9722 8863
0 8863
305 2496
0 2496
3700 323
0 323
7622 3608
0 3608
6360 6264
0 6264
8766 8023
0 8023
8766 3858
0 3858
7976 3495
0 3495
3006 822
4073 5056
0 5056
561 2555
0 2555
215 2475
0 2475
3736 7565
0 7565
9888 8276
0 8276
2726 4994
0 4994
1689 1354
6797 3933
3926 8800
0 8800
3926 7763
0 7763
305 2496
0 2496
3700 323
0 323
7622 3608
0 3608
6360 6264
0 6264
7976 3495
0 3495
4786 4449
0 4449
537 9223
0 9223
4779 4683
0 4683
6793 7084
8116 5196
0 5196
2958 3814
0 3814
1225 8138
6508 4812
6508 5128
2167 7534
0 7534
7774 9574
0 9574
5196 6273
0 6273
5196 3050
0 3050
5196 2532
0 2532
2750 9924
0 9924
2857 8785
4542 5128
8501 2724
0 2724
8501 1655
0 1655
2196 4360
2196 1751
3636 7975
0 7975
5829 5729
0 5729
4542 5128
8501 2724
0 2724
8501 1655
0 1655
2196 4360
2196 1751
2718 260
0 260
2718 260
0 260
7685 3118
3421 9666
3421 3748
1936 1527
0 1527
430 4967
0 4967
2049 5898
8034 5007
4091 4650
504 3807
0 3807
504 3807
0 3807
504 5629
0 5629
504 5629
0 5629
1729 846
0 846
941 8764
0 8764
1355 5701
5192 3846
987 5486
0 5486
4404 8922
0 8922
5486 3984
0 3984
4366 6448
0 6448
3281 460
0 460
3281 63
0 63
6901 8966
0 8966
9325 4221
0 4221
7721 9904
0 9904
5595 8036
0 8036
1450 4036
0 4036
1673 8215
0 8215
6777 5269
0 5269
7402 5727
0 5727
7265 7406
1427 6973
0 6973
4721 5909
0 5909
3370 1146
0 1146
2160 2480
0 2480
2160 6898
0 6898
7195 3341
0 3341
7971 8256
7971 5238
0 5238
7338 811
0 811
7366 4683
0 4683
9703 7329
0 7329
1260 6650
0 6650
4789 4811
6424 3885
0 3885
6230 1676
0 1676
3078 6151
0 6151
2206 3078
0 3078
122 3078
0 3078
6449 4465
0 4465
7394 7877
0 7877
2596 7764
2596 5135
302 4259
0 4259
5312 2062
0 2062
2350 1783
0 1783
2327 2050
7945 8325
3855 7118
0 7118
8481 4057
3260 7997
4137 2499
4137 3725
0 3725
7779 5727
3202 3506
7007 1636
0 1636
8280 2431
0 2431
3658 4070
0 4070
8829 4634
0 4634
2747 4185
0 4185
1351 9345
1975 9484
0 9484
1886 5171
0 5171
5695 5290
0 5290
1973 9438
0 9438
4854 2366
0 2366
2213 6468
0 6468
5054 4030
0 4030
5916 1089
0 1089
7941 548
7970 9236
0 9236
3804 845
0 845
8448 8187
0 8187
1448 2754
0 2754
4660 6271
0 6271
7783 4042
0 4042
2728 3878
8538 7436
0 7436
4405 5776
0 5776
4405 1743
5573 4777
508 1787
0 1787
8285 6429
0 6429
9560 2626
0 2626
537 9223
0 9223
9223 3585
0 3585
3637 9324
0 9324
9594 2384
0 2384
3628 2504
0 2504
1850 6175
0 6175
5404 8023
0 8023
1729 846
0 846
498 9958
0 9958
9958 1682
0 1682
1281 1742
9958 1138
0 1138
498 9958
0 9958
1499 2351
666 9582
0 9582
5714 1652
0 1652
6662 6720
5690 4967
9283 902
0 902
8877 893
0 893
6340 8149
0 8149
1297 2949
0 2949
5548 1201
0 1201
1052 5171
0 5171
6710 6391
4677 3939
0 3939
2876 8956
0 8956
1052 5171
0 5171
6710 6391
4677 3939
0 3939
4234 2040
0 2040
4969 636
0 636
4234 2040
0 2040
7739 3160
0 3160
7739 12
0 12
7739 12
0 12
6469 7911
0 7911
5520 2720
0 2720
8826 3320
0 3320
8023 4294
5375 9414
0 9414
4500 5737
0 5737
4500 681
0 681
4783 6143
0 6143
6487 2515
0 2515
6487 2515
0 2515
62 4266
8895 2429
0 2429
2429 6075
0 6075
8641 2780
0 2780
9513 7997
0 7997
3458 7660
0 7660
9451 3327
0 3327
9451 4465
0 4465
9021 5205
0 5205
4529 9484
0 9484
4398 5135
7661 7603
6618 2989
0 2989
772 9949
2993 8236
0 8236
62 4266
5812 3979
0 3979
5812 8878
0 8878
2365 6897
0 6897
5875 6897
0 6897
5057 1129
0 1129
5115 6169
0 6169
3124 2235
0 2235
5115 6169
0 6169
5115 6141
0 6141
5115 6141
0 6141
6064 5405
0 5405
2095 533
0 533
38 1742
0 1742
1281 1742
9958 1138
0 1138
9639 9833
830 6197
0 6197
918 4793
2472 8922
0 8922
2472 8032
0 8032
7108 2336
0 2336
6999 1092
0 1092
9174 6989
0 6989
7681 7578
0 7578
2926 4981
0 4981
7246 1884
0 1884
8777 4136
0 4136
8777 4581
0 4581
8777 2111
0 2111
99 2033
0 2033
774 775
0 775
8509 2508
0 2508
311 1670
0 1670
311 8174
0 8174
7238 3171
0 3171
9703 7329
0 7329
3873 2616
0 2616
5046 266
0 266
7678 3371
0 3371
2664 1519
0 1519
5122 1749
0 1749
1521 978
0 978
3236 1284
0 1284
6327 7084
0 7084
1486 253
0 253
9325 4221
0 4221
7721 9904
0 9904
5595 8036
0 8036
1673 8215
0 8215
6777 5269
0 5269
7402 5727
0 5727
7265 7406
1427 6973
0 6973
7195 3341
0 3341
7338 811
0 811
7366 4683
0 4683
1260 6650
0 6650
262 9159
0 9159
2800 6701
0 6701
5357 9088
0 9088
5815 3596
0 3596
29 8657
0 8657
29 5135
0 5135
9888 8276
0 8276
3021 1485
0 1485
8627 2568
0 2568
7508 1079
0 1079
8627 4604
0 4604
9023 8460
0 8460
1043 8699
0 8699
2661 8571
0 8571
2587 1309
0 1309
2726 4994
0 4994
5513 7084
0 7084
3554 5089
0 5089
6077 1774
0 1774
3206 1257
0 1257
3644 4604
0 4604
8348 1410
0 1410
9547 8044
0 8044
3261 4526
2132 7457
960 2933
0 2933
8447 5290
0 5290
7621 9567
0 9567
7621 9567
0 9567
4044 984
0 984
4492 6711
0 6711
5486 3984
0 3984
3119 8652
3119 3750
0 3750
848 6358
0 6358
2538 569
0 569
5554 3458
0 3458
2566 9574
0 9574
9689 6734
0 6734
9689 3865
0 3865
7669 5740
0 5740
7669 1109
0 1109
381 1014
2633 1366
6672 4762
5821 7457
5840 1690
1653 8260
0 8260
563 9884
0 9884
4795 5693
0 5693
8788 9013
0 9013
9876 9716
0 9716
2429 6075
0 6075
8641 2780
0 2780
9513 7997
0 7997
3458 7660
0 7660
9451 3327
0 3327
9451 4465
0 4465
9021 5205
0 5205
6618 2989
0 2989
772 9949
2993 8236
0 8236
5812 3979
0 3979
5812 8878
0 8878
5057 1129
0 1129
6064 5405
0 5405
2095 533
0 533
6021 1937
0 1937
1320 7699
0 7699
6802 5472
0 5472
7308 5798
0 5798
7042 8241
0 8241
6451 4024
0 4024
8482 5932
0 5932
3201 1027
0 1027
4044 984
0 984
4492 6711
0 6711
7267 5150
0 5150
8704 4662
0 4662
9639 9833
830 6197
0 6197
3078 6151
0 6151
6449 4465
0 4465
2596 7764
2596 5135
3566 9153
4031 6229
3002 4981
0 4981
9623 7741
0 7741
6681 3780
6681 8492
6254 4662
0 4662
7140 4365
0 4365
6567 7890
0 7890
5316 2337
886 1376
0 1376
1933 3872
0 3872
174 1173
174 5790
9015 1277
5403 7497
7267 5150
0 5150
6788 3720
0 3720
3021 1485
0 1485
1043 8699
0 8699
2661 8571
0 8571
2587 1309
0 1309
5513 7084
0 7084
3554 5089
0 5089
6077 1774
0 1774
3206 1257
0 1257
3644 4604
0 4604
4813 2032
0 2032
8726 2699
0 2699
3487 2431
0 2431
1297 2949
0 2949
5244 6098
0 6098
7619 4334
0 4334
6975 7203
2101 2902
0 2902
6429 114
0 114
4319 7192
0 7192
6623 2431
0 2431
7945 8325
3855 7118
0 7118
8481 4057
3260 7997
4137 2499
4137 3725
0 3725
7779 5727
3202 3506
6267 9294
0 9294
2649 7458
0 7458
9503 19
7619 4334
0 4334
6975 7203
2101 2902
0 2902
6429 114
0 114
4319 7192
0 7192
6623 2431
0 2431
5520 2720
0 2720
8023 4294
4783 6143
0 6143
8380 2339
3662 6396
1700 182
0 182
6039 183
0 183
4096 1761
0 1761
2386 9430
0 9430
2386 9154
0 9154
5036 16
0 16
9096 6085
0 6085
6035 7638
0 7638
8788 9013
0 9013
4969 636
0 636
2734 4801
0 4801
5591 7989
0 7989
8924 1206
0 1206
9944 3830
1136 1360
4819 2734
0 2734
7161 6894
0 6894
4313 1877
6816 5917
6816 2631
7956 5259
7956 1652
1258 822
0 822
2873 6010
0 6010
9355 8804
0 8804
8923 6413
0 6413
8923 5917
0 5917
4105 6977
0 6977
4685 5629
0 5629
1004 4174
5573 4777
6227 2954
0 2954
2233 7184
0 7184
6435 6116
0 6116
7949 2493
0 2493
9927 8290
0 8290
7191 8632
0 8632
7618 9307
0 9307
1941 3917
7614 6687
6687 8296
0 8296
13 6075
0 6075
1457 6574
0 6574
1763 3633
0 3633
6820 6451
2473 4191
9999 8784
9412 9042
0 9042
9412 6887
0 6887
7381 8543
0 8543
4579 4032
564 7659
3119 8652
3119 3750
0 3750
9554 26
0 26
7645 5472
0 5472
1499 2351
6662 6720
5690 4967
9283 902
0 902
8877 893
0 893
6340 8149
0 8149
5548 1201
0 1201
4631 753
4631 6794
0 6794
5054 4030
0 4030
311 1670
0 1670
311 8174
0 8174
2720 5226
0 5226
774 775
0 775
8635 6284
7034 3675
0 3675
7034 7764
0 7764
3421 9666
3421 3748
4786 4449
0 4449
6539 412
0 412
1647 8091
1103 7603
3954 2508
6596 1094
0 1094
53 6829
0 6829
3907 7271
4996 655
0 655
339 6753
2619 1284
0 1284
3145 4367
0 4367
7773 6685
0 6685
5933 6952
5167 2006
8145 1584
0 1584
4788 6636
0 6636
4788 7603
0 7603
3621 1071
3621 1284
0 1284
3621 6076
0 6076
4342 6284
4295 4548
0 4548
3334 5053
5958 6221
5958 6221
4095 6221
0 6221
645 1527
0 1527
2049 5898
8034 5007
5374 7458
0 7458
9337 5634
0 5634
7480 5898
5302 7000
3882 8155
0 8155
4431 6152
2466 6343
0 6343
3907 7271
9259 5991
0 5991
5644 5590
0 5590
4172 4427
0 4427
7630 7294
0 7294
4172 4427
0 4427
7630 7294
0 7294
3487 2431
0 2431
3332 6234
0 6234
1638 3171
0 3171
9223 3585
0 3585
3328 9976
1238 1941
0 1941
5683 3077
0 3077
4049 8099
0 8099
8447 5290
0 5290
5695 5290
0 5290
9391 9613
0 9613
7941 548
7970 9236
0 9236
3968 2190
0 2190
13 6075
0 6075
1457 6574
0 6574
1763 3633
0 3633
6820 6451
2473 4191
2233 7184
0 7184
6435 6116
0 6116
7191 8632
0 8632
7618 9307
0 9307
1941 3917
6687 8296
0 8296
6802 5472
0 5472
6451 4024
0 4024
8482 5932
0 5932
9004 7597
0 7597
1647 8091
1103 7603
3954 2508
6596 1094
0 1094
53 6829
0 6829
4996 655
0 655
339 6753
2619 1284
0 1284
3145 4367
0 4367
7773 6685
0 6685
5933 6952
5167 2006
8145 1584
0 1584
3621 1071
3621 1284
0 1284
3621 6076
0 6076
4342 6284
4295 4548
0 4548
3334 5053
1355 5701
5680 7769
7998 5601
4238 8972
0 8972
7878 4682
1315 5606
0 5606
7660 548
5413 7102
0 7102
591 1614
7407 7769
7501 9606
353 9426
2584 1048
0 1048
4049 8099
0 8099
3308 9885
0 9885
1396 4081
0 4081
8630 1485
8980 5515
0 5515
1217 7769
4465 753
4465 1726
4190 1583
0 1583
1973 9438
0 9438
4854 2366
0 2366
5196 6273
0 6273
5196 3050
0 3050
5196 2532
0 2532
2750 9924
0 9924
923 916
0 916
1639 9965
0 9965
6214 5657
0 5657
7878 4682
1315 5606
0 5606
7660 548
613 2504
1519 6742
2232 910
0 910
1502 6229
2271 9022
2271 1000
0 1000
3305 422
0 422
528 8427
0 8427
528 910
0 910
3107 1735
444 8030
0 8030
9832 8989
0 8989
1867 6858
1585 859
5525 5230
0 5230
4722 6046
750 4981
0 4981
2652 3847
0 3847
758 9982
0 9982
7560 5236
5822 1365
0 1365
7478 5571
2734 4801
0 4801
8923 6413
0 6413
8923 5917
0 5917
4105 6977
0 6977
7934 4169
0 4169
771 3649
0 3649
584 4282
923 916
0 916
1639 9965
0 9965
721 1107
0 1107
8509 2508
0 2508
7238 3171
0 3171
3873 2616
0 2616
7569 2111
0 2111
8974 3847
0 3847
2916 6753
0 6753
3847 9613
0 9613
1519 6742
2232 910
0 910
1502 6229
2271 9022
2271 1000
0 1000
3305 422
0 422
528 8427
0 8427
528 910
0 910
3107 1735
444 8030
0 8030
1867 6858
1585 859
5525 5230
0 5230
4722 6046
750 4981
0 4981
2652 3847
0 3847
7560 5236
5413 7102
0 7102
591 1614
7407 7769
7501 9606
353 9426
2584 1048
0 1048
1396 4081
0 4081
8630 1485
8980 5515
0 5515
1217 7769
4465 753
4465 1726
5680 7769
7998 5601
4238 8972
0 8972
4431 6152
2466 6343
0 6343
5036 16
0 16
9096 6085
0 6085
1462 5269
0 5269
8257 5128
930 4285
6658 5984
6965 531
6965 4586
215 2475
0 2475
1814 7975
0 7975
104 5638
5638 9497
9179 8418
1814 7975
0 7975
5336 4445
0 4445
5336 1147
1109 8677
1138 1403
2720 5226
0 5226
1689 1354
7236 2427
3325 8944
0 8944
4062 6767
0 6767
6168 4635
0 4635
5788 3584
6855 3464
0 3464
9385 1542
9385 3200
1386 2589
8239 3640
0 3640
1449 6914
0 6914
3863 1380
8697 1149
0 1149
5840 1690
7346 605
7346 3152
0 3152
7034 3675
0 3675
7034 7764
0 7764
6829 8675
0 8675
9759 1119
0 1119
9759 9207
0 9207
1717 1365
6906 2999
0 2999
336 7757
0 7757
6434 6123
0 6123
5603 2589
6576 8130
7569 2111
0 2111
2916 6753
0 6753
3847 9613
0 9613
8977 2499
4828 7760
0 7760
5109 186
0 186
7685 3118
8602 1735
9232 1743
2190 799
0 799
6538 5232
1761 1354
9883 9764
2786 1832
8449 4082
5669 9949
0 9949
9416 3397
0 3397
2090 1026
0 1026
6539 412
0 412
9808 200
4324 5198
0 5198
4828 7760
0 7760
5109 186
0 186
6856 417
0 417
2116 1726
8411 3888
0 3888
9759 1119
0 1119
9759 9207
0 9207
7451 1018
4513 3427
0 3427
3640 2496
0 2496
7282 1748
0 1748
6240 6768
0 6768
2985 6141
1996 7046
1996 3870
0 3870
3938 2766
800 8121
8628 1735
3640 2496
0 2496
7282 1748
0 1748
6240 6768
0 6768
2190 799
0 799
6538 5232
1761 1354
9883 9764
2786 1832
6829 8675
0 8675
1717 1365
6434 6123
0 6123
5603 2589
6576 8130
4812 3200
9385 3200
1386 2589
6423 1455
7278 7084
0 7084
7345 1380
1710 6877
1710 9519
7345 1380
1380 1233
0 1233
1986 3165
0 3165
845 2104
6594 3387
0 3387
1986 3165
0 3165
845 2104
9179 8418
5336 4445
0 4445
5336 1147
1109 8677
1138 1403
7522 6059
3103 3094
0 3094
1094 7537
0 7537
1009 6130
3764 3852
1119 1470
1462 5269
0 5269
8257 5128
186 3881
12 6952
3538 8566
2274 6189
1894 8149
1894 4286
9808 200
4324 5198
0 5198
6856 417
0 417
8164 4385
699 270
799 7092
930 4285
6658 5984
589 9013
4327 7750
2996 8899
6640 6042
7522 6059
1094 7537
0 7537
1009 6130
3764 3852
1119 1470
186 3881
12 6952
3538 8566
2274 6189
1894 8149
1894 4286
6123 8784
4029 9559
9923 1789
6423 1455
1710 6877
1710 9519
1380 1233
0 1233
5251 2631
9097 8657
682 6116
9168 8681
4327 7750
2996 8899
4563 9450
4197 7600
5487 56
172 1743
172 1743
5638 9497
8435 1455
0 1455
3917 374
9304 1956
0 1956
3083 7361
7732 6473
9225 2191
3787 4882
8121 7497
4663 6952
5128 7808
1079 6952
1079 4032
8639 9159
7538 9709
8639 9159
7538 9709
3777 8036
2610 4032
682 6116
6952 4282
4663 6952
4773 494
9168 8681
19 5383
19 5383
7732 6473
9225 2191
3787 4882
8121 7497
5128 7808
1079 6952
1079 4032
3777 8036
2610 4032
6952 4282
699 270
7478 5571
6242 1743
6242 1743
3917 374
No. of connected components:1596
No. of nodes visited once:2010
No. of nodes visited twice:7990
No. of nodes that are present in a cycle:4775
// for each of these every point is 0 at the end 