3527 8146
5268 7537
3527 8146
9304 1956
4101 4445
5705 7435
5268 7537
6215 6604
4180 9238
4101 4445
8408 3790
4180 9238
6594 3387
5705 7435
5624 2062
398 3100
1929 485
1929 485
2133 1648
3124 2235
2133 1648
1996 3870
330 1058
6854 4427
8408 3790
5428 5371
398 3100
592 562
6854 4427
5394 9265
5394 9265
1712 5269
1749 2337
5624 2062
4030 3046
985 5635
9741 5322
3103 3094
5912 2941
9500 2111
6558 9995
5981 2475
619 5336
7904 5913
6639 4328
491 5646
1381 7699
1701 8
8311 3094
3288 5997
1712 5269
1749 2337
657 8566
1247 5776
6906 2999
8721 9540
8496 6073
6873 7600
8557 4414
491 5646
1381 7699
1701 8
8311 3094
3288 5997
8542 8464
8542 8464
9027 7299
9531 6829
295 9784
657 8566
1247 5776
771 3649
1660 9389
6558 9995
5981 2475
619 5336
7904 5913
6639 4328
295 9784
5568 6794
5568 5746
5733 6726
7130 1388
2158 7367
9228 4461
3776 9172
4027 4762
9753 8849
393 8616
9027 7299
9531 6829
9634 4683
3653 9613
2864 4805
2864 1251
6873 7600
4706 5515
3953 1593
635 1761
2815 2892
7630 4812
7630 4812
9259 5727
5912 2941
9500 2111
3308 9885
9375 6434
6728 4070
5676 4801
4559 6221
5733 6726
7130 1388
2158 7367
5911 4449
2269 1884
8360 1769
4030 3046
985 5635
2923 7118
292 801
471 7367
1810 3888
541 9234
7927 6887
9753 8849
393 8616
9228 4461
3776 9172
4027 4762
1241 8111
9358 4452
8496 6073
2876 8956
8078 8061
7845 8881
6035 2243
5361 8571
1544 2309
1544 8656
9460 8398
970 3559
36 7354
2101 5499
5911 4449
4876 6239
8390 835
7805 8992
1544 2309
1544 8656
9460 8398
970 3559
36 7354
2101 5499
249 5872
4706 5515
3953 1593
635 1761
2815 2892
3259 6461
5533 6726
5533 9168
6917 2754
3039 7930
3579 6264
6991 1246
5011 5634
9639 885
8390 835
7805 8992
3201 1027
9357 5746
4908 2770
9528 1770
9071 6228
8654 8960
9016 407
9218 8516
639 8398
4704 5089
9617 4715
9617 6894
9876 6941
8078 8061
7845 8881
6035 2243
6035 7638
1653 8260
8697 1149
6502 5019
3039 7930
3579 6264
6991 1246
6502 5019
4440 7537
7854 2709
7927 6887
7381 8543
9396 7325
3447 4161
1660 9389
6094 9397
9954 9808
1446 6638
3259 6461
5533 6726
5533 9168
6917 2754
6788 3720
3362 9678
606 6223
7199 5776
1707 5938
7459 254
7459 254
3236 1284
6395 6726
6395 1701
9836 4042
721 1107
256 6001
8360 1769
1417 1884
6386 323
6386 6898
3323 5027
7483 5776
7902 2790
5210 2336
9639 885
8704 4662
9958 1682
848 6358
1645 2628
9071 6228
8654 8960
9016 407
9218 8516
639 8398
4704 5089
9617 4715
9617 6894
9876 6941
9876 9716
7739 3160
2923 7118
292 801
471 7367
1810 3888
541 9234
9554 26
7645 5472
466 1129
5431 9324
2864 4805
2864 1251
3332 6234
1638 3171
508 1787
1241 8111
9358 4452
4685 5629
2025 8089
2025 8089
4580 3640
2984 4806
4751 4194
2944 1749
3867 9356
9634 4683
3653 9613
8306 6468
4190 1583
9810 7118
2409 4640
5120 2792
6664 5173
7885 5817
4876 6239
2056 9884
8444 6619
6066 3867
3867 9356
6066 3867
8446 7964
8446 7964
6424 3885
6230 1676
3073 3362
3362 9678
606 6223
7199 5776
1707 5938
666 9582
5714 1652
6327 7084
1486 253
9396 7325
3447 4161
6381 2980
5568 6794
5568 5746
5213 2854
4559 6221
645 1527
941 8764
3636 7975
5829 5729
7241 9088
6797 4428
5412 6215
6215 6604
5412 6215
5412 1246
5412 1246
1491 215
9741 5322
1491 215
3620 5331
6797 4428
3926 8800
3926 7763
5841 3102
5841 3102
6958 2766
9829 6865
9829 2557
4045 2700
2474 8889
6790 4715
6653 4099
5361 8571
6956 8571
6956 512
821 192
466 1129
5431 9324
9594 2384
3628 2504
7071 7209
4225 6342
2474 8889
6790 4715
6653 4099
9361 8295
1154 2119
3281 460
3281 63
9423 2742
1645 2628
9346 8190
38 1742
9423 2742
3996 6753
5728 8972
5728 4293
8721 9540
3996 6753
5728 8972
5728 4293
7934 4169
6388 9325
347 1063
3325 8944
7983 8323
5786 533
4754 7941
3023 1664
3023 131
3652 128
6267 9294
5461 8291
4440 7537
7854 2709
1704 2675
7512 8218
7710 1787
702 7199
6034 9291
4225 6342
4103 9861
3546 5226
3546 5226
8874 9499
9492 5776
3679 6141
8979 4589
1159 1465
8776 5195
9810 7118
2409 4640
5120 2792
6664 5173
7885 5817
7007 1636
8280 2431
4068 7847
2297 6316
2297 1320
4908 2770
9528 1770
2763 9773
5210 2336
8777 4136
6855 3464
4649 7886
768 543
9361 8295
1076 5269
843 3640
4733 5740
4733 5740
8411 3888
2376 527
9252 8044
2182 7212
8776 5195
3437 2949
5473 5843
853 1087
4566 3409
6100 4428
5658 14
2299 5551
5463 983
5463 8215
6784 8295
1908 810
256 6001
9117 8133
9117 158
9117 360
1159 1465
9333 5076
1704 2675
7512 8218
7710 1787
702 7199
6034 9291
7965 5332
4911 2509
7241 9088
4911 2509
5809 2032
2302 5160
1908 810
6287 1079
2302 5160
8440 8557
8557 4414
5809 2032
8440 8557
1794 9499
7297 8989
4916 6552
3296 857
8285 6429
9560 2626
3645 164
3645 164
8435 1455
7971 5238
758 9982
1123 7741
3768 3589
8993 8075
8993 8075
8377 7395
8179 2060
7795 3528
5125 8099
7798 6349
3073 3362
7798 6349
85 2991
85 2991
6780 6271
2617 6658
1023 6444
6780 6271
2617 6658
1023 6444
6456 9080
2298 8837
1863 184
1123 7741
3768 3589
3545 9240
5400 8863
4554 44
9781 1926
6319 1233
8031 8966
2404 6157
8874 9499
9492 5776
3679 6141
8979 4589
124 9532
2404 6157
2404 8776
7383 6221
783 5548
8718 3390
6188 6289
3518 696
3729 9157
7770 3608
2516 3053
6188 6289
726 2480
8711 5322
3084 6444
1892 821
6956 8571
6956 512
821 192
1892 821
1892 7525
1892 7525
3411 1575
768 543
768 9640
6517 4328
5333 185
6958 2766
9829 6865
9829 2557
4045 2700
8564 6914
3418 2496
778 5712
483 4289
5428 5371
3637 9324
4366 6448
5669 9949
9416 3397
5875 6897
9391 9613
8239 3640
4721 5909
3370 1146
1786 8378
1786 8378
2160 2480
2160 6898
1449 6914
9598 6204
9598 6204
1500 735
4251 4307
8017 3958
8410 7537
5974 3769
5974 5746
3683 2672
9226 8849
5584 3034
6094 9397
9954 9808
1446 6638
1564 5986
8952 3814
3694 6226
2984 4806
4751 4194
2944 1749
3804 845
8448 8187
1448 2754
4660 6271
4069 7362
8165 2091
8165 2091
9875 7675
9375 6434
6728 4070
5676 4801
5374 7458
330 1058
2649 7458
3333 436
3333 436
1187 3409
8725 8335
5567 1636
8823 5290
5407 76
6556 7537
4887 9503
4887 9503
5941 8425
1417 1884
6386 323
6386 6898
3323 5027
7483 5776
7902 2790
5941 8425
279 865
4175 7602
9908 5017
6258 6782
5011 5634
6645 6746
4916 6552
3296 857
2621 8765
6645 6746
6645 3884
6645 3884
791 9291
1936 1527
430 4967
9023 8460
3002 4981
2213 6468
9623 7741
4779 4683
8116 5196
2958 3814
2167 7534
7774 9574
8591 737
9333 5076
3402 7356
2269 1884
3402 7356
523 2869
3402 5240
523 2869
3402 5240
8270 4984
1616 1568
8270 4984
1616 1568
2715 2878
2715 8898
4087 6143
3412 2538
2715 2878
2715 8898
4087 6143
3412 2538
8591 737
737 56
2613 9636
9117 8133
9117 158
9117 360
6317 8804
3081 8053
5156 7277
2613 9636
6254 4662
7140 4365
7117 2897
7117 2897
6567 7890
3150 5108
4754 7941
3023 1664
3023 131
3652 128
3150 5108
3036 8506
783 5548
8718 3390
8711 5322
3084 6444
3411 1575
1845 6226
851 764
851 3958
5425 3190
9615 1092
1298 9368
107 5729
4471 5729
50 323
773 696
949 5724
197 7490
4148 8337
4945 3215
8506 1636
3036 8506
2313 6897
1662 461
6840 8015
2697 8992
5366 2902
2697 8992
5366 2902
9420 6152
9420 3865
9296 7820
9935 5096
9935 5096
6446 3303
1500 735
4251 4307
8017 3958
8410 7537
5974 3769
5974 5746
3683 2672
9226 8849
5584 3034
9220 8075
2921 4744
2921 7354
2921 3555
7809 7889
5480 6256
2472 8922
2472 8032
7108 2336
6999 1092
1976 4338
1976 4130
8377 7395
8179 2060
7795 3528
5125 8099
5099 7118
5125 5082
4631 6794
9695 9924
2817 7329
911 7495
440 7184
4525 9291
3162 6942
470 1541
4525 9291
3162 6942
470 1541
2231 6139
7012 2950
9149 5973
778 5712
483 4289
6243 8427
7585 4762
8167 4815
2921 4744
2921 7354
2921 3555
7809 7889
7809 5331
8167 4815
9628 1526
5123 2053
5123 2862
2088 2854
5758 3094
3571 4715
9149 5973
7612 8146
1976 4338
1976 4130
3108 2162
3108 2162
6644 4367
1326 3759
8306 6468
5916 1089
6644 4367
1326 3759
1326 4259
1326 4259
4702 2110
1564 5986
8952 3814
3694 6226
5139 9128
4702 2110
9174 6989
7681 7578
2926 4981
7246 1884
9195 3113
3620 5331
2943 7668
2943 7668
3534 7540
3534 7540
1234 5852
4073 5056
9195 3113
8962 8155
1475 323
8962 8155
1475 323
6469 7911
5605 4026
7346 3152
5605 4026
7303 177
9163 8571
9163 4451
7983 8323
5786 533
3315 8717
2347 4409
1551 4976
9357 5746
1551 4976
4850 6143
7972 976
9471 6952
7243 7406
7243 6036
7313 755
7431 1206
4235 1341
4235 1341
631 7732
8986 296
2669 7603
8466 7395
3767 5051
9252 8044
2182 7212
4794 6948
3063 9481
3964 2107
1016 448
7071 7209
1016 448
448 1410
5263 9483
4712 6444
9388 8287
4768 8295
4071 3555
8853 5084
2118 5889
262 9159
122 3078
5375 9414
7054 3382
5461 8291
7054 3382
8226 3059
8226 3059
7278 7084
2059 8761
4069 7362
2059 8761
6992 8574
6992 8574
561 2555
6901 8966
7394 7877
6699 875
2313 6897
1662 461
6699 875
6699 7354
6699 7354
5488 3990
6847 3304
3063 9481
3964 2107
5263 9483
4712 6444
9388 8287
4768 8295
4071 3555
8853 5084
8828 7890
8859 835
7057 2451
2667 1116
7949 2493
2667 1116
2667 7454
9259 5727
9259 5991
7177 3094
4473 7503
3220 6208
8031 8966
5449 5746
2567 6429
1181 9325
8732 6200
7802 39
9865 9942
5815 3596
8732 6200
1724 2362
1724 2362
7260 5991
2606 6271
2606 7247
7125 8131
6517 4328
5333 185
7928 1360
9090 3640
1904 798
1904 5331
2606 6271
2606 7247
7125 8131
9129 72
9129 72
4592 3559
5644 5590
4592 3559
2362 4020
7260 5991
29 8657
29 5135
6008 2536
8961 3851
1694 461
1323 6587
326 804
2297 6316
2297 1320
2000 9942
6411 1092
326 804
804 3398
3220 6208
3220 6210
3220 6210
2976 8566
2141 3375
8986 296
2669 7603
8466 7395
3767 5051
8466 959
3809 3132
3556 9986
6132 8044
6132 6221
2141 3375
2974 4715
7988 9924
212 5706
4930 3881
1318 8623
9476 8187
2779 8800
2485 9733
6049 229
9373 7597
9561 5467
88 7763
4421 9730
9373 7597
9561 5467
88 7763
4421 9730
1978 3409
736 7163
4959 8347
1978 3409
736 7163
4959 8347
8942 9773
3465 7503
9849 1063
1703 2989
4720 3882
4720 3882
7308 5798
3151 1559
1154 2119
1154 8380
7910 461
3151 1559
3022 7474
24 5837
2818 7997
8847 4672
987 5486
8676 8779
4404 8922
8826 3320
6214 5657
1450 4036
24 5837
5951 2035
6388 9325
347 1063
3189 4144
3189 4144
3189 6973
3968 2190
3189 6973
8038 2124
1187 3409
8725 8335
5567 1636
8823 5290
5407 76
8416 9539
3785 3147
3785 3147
6773 9643
6773 9643
3669 4328
75 8213
75 1236
1414 2975
1414 2975
4522 4465
8144 5486
8038 2124
8092 8331
1055 9773
1055 6821
1055 9773
1055 6821
4488 5205
6382 6058
406 7662
6499 3080
3022 7474
2915 5843
6499 3080
5951 2035
2915 5843
1752 2892
6996 9917
6996 9917
6996 7281
6996 7281
1752 1568
4350 2327
2056 9884
8444 6619
302 4259
2592 9012
9875 7675
9211 6342
2592 9012
5312 2062
2350 1783
9109 3745
1752 2892
1752 1568
4350 2327
7042 8241
3882 8155
1703 6029
8157 2203
4680 1320
4788 6636
4788 7603
2667 7454
5306 4683
4462 4328
9755 4918
1777 7828
9067 9366
573 1648
2983 4455
2983 4455
7672 3850
1011 6143
5260 5336
1950 9121
5260 8394
9755 4918
4490 6407
6541 592
592 562
6541 592
9518 548
3426 4427
540 3136
540 3136
8957 1409
7797 5220
8957 1409
7797 5220
7149 6538
2805 4505
6849 9656
8223 2267
5190 2869
5190 5140
94 8095
1120 2949
5382 462
4490 6407
9518 548
3426 4427
7149 6538
2805 4505
6849 9656
8223 2267
5190 2869
5190 5140
94 8095
1120 2949
5382 462
235 6001
235 346
3537 37
8678 5776
5488 3990
6847 3304
6480 7757
6480 7757
4500 5737
4500 681
2800 6701
5357 9088
8828 7890
8859 835
7057 2451
5306 4683
4462 4328
3537 37
8678 5776
8466 959
3809 3132
3556 9986
6132 8044
6132 6221
8722 5404
1155 7732
3950 127
9762 1676
4850 6143
7972 976
9471 6952
7243 7406
7243 6036
7313 755
7431 1206
4272 6407
9693 1825
627 2480
6270 2999
709 8927
8232 569
4235 3881
7563 9876
1341 8320
631 7732
8722 5404
1155 7732
3950 127
9762 1676
9693 1825
627 2480
6270 2999
709 8927
8232 569
4235 3881
2362 4020
4272 6407
4561 1636
3524 5329
4550 5004
6357 1505
5271 2568
6554 5269
7440 4165
7440 9451
2118 5889
3315 8717
2347 4409
4561 1636
3524 5329
4550 5004
6357 1505
5271 2568
6554 5269
7440 4165
7440 9451
3127 6157
1833 668
9163 8571
9163 4451
8676 8779
7809 5331
4732 9326
7067 3790
982 8651
6446 3303
78 8543
9348 1905
1643 3902
8585 8837
5320 5515
1746 3791
792 3888
1927 9802
6300 9484
142 9445
1569 7518
5550 6360
2346 4683
9447 81
9480 9843
6180 7102
2722 3287
867 6479
6371 4465
115 3100
2005 1134
996 8996
1796 5404
7304 2493
996 8996
8728 1000
3595 9856
5765 6865
1145 809
3043 4491
6589 2097
1927 9802
9051 885
9051 9080
9571 9327
5289 865
3403 7991
7369 7917
9420 6152
9420 3865
9296 7820
78 8543
9348 1905
1643 3902
8585 8837
5320 5515
1746 3791
792 3888
9051 885
9051 9080
9571 9327
5289 865
3403 7991
7369 7917
5123 2053
5123 2862
336 7757
886 1376
1933 3872
5046 266
6258 6782
9908 5017
3578 7293
2880 5339
641 7699
3578 7293
1222 9299
9216 520
3811 8345
9735 5737
2036 7886
5675 801
4154 9473
9722 655
9722 742
9722 8863
4154 9473
3469 1238
3480 6865
3255 9145
3469 1238
3480 6865
3255 9145
7677 6763
6868 902
5225 7997
8872 5657
1222 9299
9216 520
3811 8345
9735 5737
2036 7886
5675 801
7677 6763
6868 902
5225 7997
8872 5657
2045 4310
279 865
4175 7602
2045 4310
6621 6582
5021 4266
5021 9231
6761 8023
1412 6829
1308 7084
5266 9885
6837 5562
2140 1968
2140 1968
6591 8994
2467 8850
2467 8850
6227 2954
6556 7537
6621 6582
5021 4266
5021 9231
6761 8023
1412 6829
1308 7084
5266 9885
6837 5562
6591 8994
8416 9539
3669 4328
75 8213
75 1236
4522 4465
8144 5486
3333 3303
3333 3303
8766 8023
8766 3858
9337 5634
9211 6342
1145 809
7783 4042
8354 5195
8354 9707
1904 798
1904 5331
8538 7436
4405 5776
3209 6224
1845 6226
5139 9128
8348 1410
9547 8044
960 2933
9220 8075
4732 9326
7067 3790
982 8651
9832 8989
2090 1026
6243 8427
7585 4762
9628 1526
2088 2854
5758 3094
3571 4715
7612 8146
532 1519
688 5128
3081 8053
8053 8337
1160 8291
9257 2212
1600 5972
7297 8989
1600 5972
8372 6048
2301 8862
6486 2363
851 764
851 3958
5425 3190
9615 1092
1298 9368
107 5729
4471 5729
3408 3061
2743 9159
9339 5872
3135 9339
9339 5776
7928 1360
9090 3640
9687 6952
7269 2422
9848 7898
9848 6763
2760 2992
2574 1796
50 323
773 696
949 5724
197 7490
4148 8337
4945 3215
8506 1636
4932 124
124 7329
2005 1134
4084 7886
3127 6157
6157 5113
6157 1521
6395 6726
6395 1701
9836 4042
9014 360
2551 8818
8912 1921
7678 3371
2664 1519
5122 1749
6692 1979
1521 978
2404 8776
7383 6221
4932 124
5449 5746
2567 6429
1181 9325
6008 2536
8961 3851
1694 461
1323 6587
7161 6894
6009 9943
7025 2496
2206 3078
9386 8525
6009 9943
7025 2496
9353 8923
1056 7637
2823 6638
4353 2843
2009 6711
9828 6659
757 229
757 352
1258 822
2873 6010
4949 5389
6381 2980
4949 5389
9355 8804
5824 3703
5824 3703
8974 3847
6319 1233
334 7760
3074 543
5873 6951
3729 9157
4672 5815
2818 7997
8847 4672
1863 184
6456 9080
2298 8837
5099 7118
5125 5082
9695 9924
2817 7329
911 7495
440 7184
2231 6139
7012 2950
1777 7828
9067 9366
573 1648
7672 3850
1011 6143
5260 5336
1950 9121
5260 8394
3545 9240
5400 8863
4554 44
9781 1926
5873 6951
4672 5815
3135 9339
5822 1365
4068 7847
7027 2720
9593 6585
3188 1376
3188 8474
1533 8849
2173 1009
4697 2386
7027 2720
3567 6636
2386 9430
2386 9154
563 9884
4795 5693
9412 9042
9412 6887
8627 2568
7508 1079
9654 4491
8627 4604
2621 8765
1794 9499
3518 696
7770 3608
2516 3053
726 2480
6333 6074
7574 3049
249 5872
6333 6074
7574 3049
5244 6098
342 5515
1056 7637
873 4006
2729 6449
4120 8525
2935 353
7710 292
9865 9942
2000 9942
5223 9538
5223 9538
737 56
7965 5332
7802 39
8724 5625
6631 6368
7490 3802
2760 2992
1402 1246
9014 360
6317 8804
5156 7277
7563 9876
1341 8320
6300 9484
142 9445
1569 7518
5550 6360
2346 4683
9447 81
9480 9843
6180 7102
2722 3287
867 6479
6371 4465
115 3100
8728 1000
3595 9856
5765 6865
3043 4491
6589 2097
6287 1079
1979 206
6692 1979
7731 3675
9091 512
9906 1568
6840 8015
4794 6948
235 6001
235 346
6909 2854
3781 9884
7487 395
4580 3640
7487 395
9386 8525
6128 3558
3444 8623
9109 3745
334 7760
3074 543
768 9640
9687 6952
7269 2422
9848 7898
9848 6763
2574 1796
4649 7886
4084 7886
5591 7989
8924 1206
3497 8977
3497 8977
4819 2734
4095 6221
8777 4581
8777 2111
99 2033
2763 9773
269 8754
269 1206
269 8516
269 5218
8942 9773
269 8754
269 1206
269 8516
269 5218
2502 5895
9654 4491
2886 4513
9927 8290
2886 4513
4513 3427
6021 1937
1320 7699
7177 3094
4473 7503
2976 8566
2974 4715
7988 9924
212 5706
4930 3881
1318 8623
9476 8187
2779 8800
2485 9733
6049 229
3465 7503
9849 1063
1703 2989
1703 6029
8157 2203
4680 1320
6411 1092
804 3398
9593 6585
3188 1376
3188 8474
1533 8849
2173 1009
4697 2386
3567 6636
3658 4070
8829 4634
2747 4185
2502 5895
1975 9484
1886 5171
2293 352
6631 6368
3736 7565
8354 5195
8354 9707
3437 2949
5473 5843
853 1087
4566 3409
6100 4428
5658 14
2299 5551
5463 983
5463 8215
6784 8295
1979 206
7731 3675
9091 512
9906 1568
8724 5625
7490 3802
1402 1246
124 9532
124 7329
6157 5113
6157 1521
791 9291
342 5515
873 4006
2729 6449
4120 8525
2935 353
7710 292
5480 6256
7303 177
2538 569
5554 3458
2566 9574
909 4746
909 4746
5683 3077
9689 6734
9689 3865
7669 5740
7669 1109
1160 8291
9257 2212
1833 668
3209 6224
4062 6767
6168 4635
1234 5852
2365 6897
9004 7597
8092 8331
4488 5205
6382 6058
406 7662
4813 2032
7587 6342
8726 2699
1154 8380
7910 461
1076 5269
843 3640
2376 527
6909 2854
3781 9884
6128 3558
3444 8623
4602 1125
4602 254
7180 6819
7654 9957
7654 8355
5246 2939
6790 517
6790 2949
6238 732
6298 396
6298 396
2293 352
9353 8923
2823 6638
4353 2843
2009 6711
9828 6659
757 229
757 352
3168 9614
4538 4613
7587 6342
4103 9861
448 1410
1850 6175
5404 8023
4529 9484
5482 4091
5213 2854
5482 4091
1700 182
2551 8818
8912 1921
6039 183
9346 8190
4096 1761
4602 1125
4602 254
7180 6819
7654 9957
7654 8355
5246 2939
6790 517
6790 2949
6238 732
3168 9614
4538 4613
1796 5404
7304 2493
8895 2429
1238 1941
8564 6914
3418 2496
532 1519
688 5128
8053 8337
8372 6048
2301 8862
6486 2363
3408 3061
2743 9159
9339 5872
9339 5776
2880 5339
641 7699
9722 655
9722 742
9722 8863
305 2496
3700 323
7622 3608
6360 6264
8766 8023
8766 3858
7976 3495
4073 5056
561 2555
215 2475
3736 7565
9888 8276
2726 4994
3926 8800
3926 7763
305 2496
3700 323
7622 3608
6360 6264
7976 3495
4786 4449
537 9223
4779 4683
8116 5196
2958 3814
2167 7534
7774 9574
5196 6273
5196 3050
5196 2532
2750 9924
8501 2724
8501 1655
3636 7975
5829 5729
8501 2724
8501 1655
2718 260
2718 260
1936 1527
430 4967
504 3807
504 3807
504 5629
504 5629
1729 846
941 8764
987 5486
4404 8922
5486 3984
4366 6448
3281 460
3281 63
6901 8966
9325 4221
7721 9904
5595 8036
1450 4036
1673 8215
6777 5269
7402 5727
1427 6973
4721 5909
3370 1146
2160 2480
2160 6898
7195 3341
7971 5238
7338 811
7366 4683
9703 7329
1260 6650
6424 3885
6230 1676
3078 6151
2206 3078
122 3078
6449 4465
7394 7877
302 4259
5312 2062
2350 1783
3855 7118
4137 3725
7007 1636
8280 2431
3658 4070
8829 4634
2747 4185
1975 9484
1886 5171
5695 5290
1973 9438
4854 2366
2213 6468
5054 4030
5916 1089
7970 9236
3804 845
8448 8187
1448 2754
4660 6271
7783 4042
8538 7436
4405 5776
508 1787
8285 6429
9560 2626
537 9223
9223 3585
3637 9324
9594 2384
3628 2504
1850 6175
5404 8023
1729 846
498 9958
9958 1682
9958 1138
498 9958
666 9582
5714 1652
9283 902
8877 893
6340 8149
1297 2949
5548 1201
1052 5171
4677 3939
2876 8956
1052 5171
4677 3939
4234 2040
4969 636
4234 2040
7739 3160
7739 12
7739 12
6469 7911
5520 2720
8826 3320
5375 9414
4500 5737
4500 681
4783 6143
6487 2515
6487 2515
8895 2429
2429 6075
8641 2780
9513 7997
3458 7660
9451 3327
9451 4465
9021 5205
4529 9484
6618 2989
2993 8236
5812 3979
5812 8878
2365 6897
5875 6897
5057 1129
5115 6169
3124 2235
5115 6169
5115 6141
5115 6141
6064 5405
2095 533
38 1742
9958 1138
830 6197
2472 8922
2472 8032
7108 2336
6999 1092
9174 6989
7681 7578
2926 4981
7246 1884
8777 4136
8777 4581
8777 2111
99 2033
774 775
8509 2508
311 1670
311 8174
7238 3171
9703 7329
3873 2616
5046 266
7678 3371
2664 1519
5122 1749
1521 978
3236 1284
6327 7084
1486 253
9325 4221
7721 9904
5595 8036
1673 8215
6777 5269
7402 5727
1427 6973
7195 3341
7338 811
7366 4683
1260 6650
262 9159
2800 6701
5357 9088
5815 3596
29 8657
29 5135
9888 8276
3021 1485
8627 2568
7508 1079
8627 4604
9023 8460
1043 8699
2661 8571
2587 1309
2726 4994
5513 7084
3554 5089
6077 1774
3206 1257
3644 4604
8348 1410
9547 8044
960 2933
8447 5290
7621 9567
7621 9567
4044 984
4492 6711
5486 3984
3119 3750
848 6358
2538 569
5554 3458
2566 9574
9689 6734
9689 3865
7669 5740
7669 1109
1653 8260
563 9884
4795 5693
8788 9013
9876 9716
2429 6075
8641 2780
9513 7997
3458 7660
9451 3327
9451 4465
9021 5205
6618 2989
2993 8236
5812 3979
5812 8878
5057 1129
6064 5405
2095 533
6021 1937
1320 7699
6802 5472
7308 5798
7042 8241
6451 4024
8482 5932
3201 1027
4044 984
4492 6711
7267 5150
8704 4662
830 6197
3078 6151
6449 4465
3002 4981
9623 7741
6254 4662
7140 4365
6567 7890
886 1376
1933 3872
7267 5150
6788 3720
3021 1485
1043 8699
2661 8571
2587 1309
5513 7084
3554 5089
6077 1774
3206 1257
3644 4604
4813 2032
8726 2699
3487 2431
1297 2949
5244 6098
7619 4334
2101 2902
6429 114
4319 7192
6623 2431
3855 7118
4137 3725
6267 9294
2649 7458
7619 4334
2101 2902
6429 114
4319 7192
6623 2431
5520 2720
4783 6143
1700 182
6039 183
4096 1761
2386 9430
2386 9154
5036 16
9096 6085
6035 7638
8788 9013
4969 636
2734 4801
5591 7989
8924 1206
4819 2734
7161 6894
1258 822
2873 6010
9355 8804
8923 6413
8923 5917
4105 6977
4685 5629
6227 2954
2233 7184
6435 6116
7949 2493
9927 8290
7191 8632
7618 9307
6687 8296
13 6075
1457 6574
1763 3633
9412 9042
9412 6887
7381 8543
3119 3750
9554 26
7645 5472
9283 902
8877 893
6340 8149
5548 1201
4631 6794
5054 4030
311 1670
311 8174
2720 5226
774 775
7034 3675
7034 7764
4786 4449
6539 412
6596 1094
53 6829
4996 655
2619 1284
3145 4367
7773 6685
8145 1584
4788 6636
4788 7603
3621 1284
3621 6076
4295 4548
4095 6221
645 1527
5374 7458
9337 5634
3882 8155
2466 6343
9259 5991
5644 5590
4172 4427
7630 7294
4172 4427
7630 7294
3487 2431
3332 6234
1638 3171
9223 3585
1238 1941
5683 3077
4049 8099
8447 5290
5695 5290
9391 9613
7970 9236
3968 2190
13 6075
1457 6574
1763 3633
2233 7184
6435 6116
7191 8632
7618 9307
6687 8296
6802 5472
6451 4024
8482 5932
9004 7597
6596 1094
53 6829
4996 655
2619 1284
3145 4367
7773 6685
8145 1584
3621 1284
3621 6076
4295 4548
4238 8972
1315 5606
5413 7102
2584 1048
4049 8099
3308 9885
1396 4081
8980 5515
4190 1583
1973 9438
4854 2366
5196 6273
5196 3050
5196 2532
2750 9924
923 916
1639 9965
6214 5657
1315 5606
2232 910
2271 1000
3305 422
528 8427
528 910
444 8030
9832 8989
5525 5230
750 4981
2652 3847
758 9982
5822 1365
2734 4801
8923 6413
8923 5917
4105 6977
7934 4169
771 3649
923 916
1639 9965
721 1107
8509 2508
7238 3171
3873 2616
7569 2111
8974 3847
2916 6753
3847 9613
2232 910
2271 1000
3305 422
528 8427
528 910
444 8030
5525 5230
750 4981
2652 3847
5413 7102
2584 1048
1396 4081
8980 5515
4238 8972
2466 6343
5036 16
9096 6085
1462 5269
215 2475
1814 7975
1814 7975
5336 4445
2720 5226
3325 8944
4062 6767
6168 4635
6855 3464
8239 3640
1449 6914
8697 1149
7346 3152
7034 3675
7034 7764
6829 8675
9759 1119
9759 9207
6906 2999
336 7757
6434 6123
7569 2111
2916 6753
3847 9613
4828 7760
5109 186
2190 799
5669 9949
9416 3397
2090 1026
6539 412
4324 5198
4828 7760
5109 186
6856 417
8411 3888
9759 1119
9759 9207
4513 3427
3640 2496
7282 1748
6240 6768
1996 3870
3640 2496
7282 1748
6240 6768
2190 799
6829 8675
6434 6123
7278 7084
1380 1233
1986 3165
6594 3387
1986 3165
5336 4445
3103 3094
1094 7537
1462 5269
4324 5198
6856 417
1094 7537
1380 1233
8435 1455
9304 1956
No. of connected components:1596
No. of nodes visited once:2010
No. of nodes visited twice:7990
No. of nodes that are present in a cycle:4776
